{"/home/travis/build/npmtest/node-npmtest-pkgfiles/test.js":{"path":"/home/travis/build/npmtest/node-npmtest-pkgfiles/test.js","s":{"1":2,"2":2,"3":2,"4":2,"5":2,"6":2,"7":2,"8":1,"9":2,"10":2,"11":1,"12":1,"13":1,"14":1,"15":2,"16":2,"17":2,"18":2,"19":1,"20":1,"21":2,"22":2,"23":2,"24":1,"25":1,"26":1,"27":1,"28":1,"29":1,"30":1,"31":1,"32":1,"33":1,"34":1,"35":1,"36":1,"37":1,"38":1,"39":2,"40":2,"41":1,"42":2,"43":2,"44":1,"45":2,"46":2,"47":1,"48":2,"49":2,"50":1,"51":1,"52":1,"53":1,"54":1},"b":{"1":[2,1,1,1],"2":[1,1,1,1],"3":[1,1],"4":[1,1],"5":[1,1],"6":[1,1],"7":[1,1],"8":[1,1],"9":[1,1],"10":[1,1,1],"11":[1,1],"12":[1,1],"13":[1,1],"14":[1,1],"15":[1,1],"16":[1,1],"17":[1,1]},"f":{"1":2,"2":2,"3":2,"4":2,"5":2,"6":1,"7":1,"8":1,"9":2,"10":2,"11":2,"12":2,"13":1},"fnMap":{"1":{"name":"(anonymous_1)","line":12,"loc":{"start":{"line":12,"column":1},"end":{"line":12,"column":13}}},"2":{"name":"(anonymous_2)","line":19,"loc":{"start":{"line":19,"column":5},"end":{"line":19,"column":17}}},"3":{"name":"(anonymous_3)","line":23,"loc":{"start":{"line":23,"column":24},"end":{"line":23,"column":36}}},"4":{"name":"(anonymous_4)","line":61,"loc":{"start":{"line":61,"column":5},"end":{"line":61,"column":17}}},"5":{"name":"(anonymous_5)","line":82,"loc":{"start":{"line":82,"column":5},"end":{"line":82,"column":17}}},"6":{"name":"(anonymous_6)","line":91,"loc":{"start":{"line":91,"column":77},"end":{"line":94,"column":10}}},"7":{"name":"(anonymous_7)","line":112,"loc":{"start":{"line":112,"column":83},"end":{"line":115,"column":10}},"skip":true},"8":{"name":"(anonymous_8)","line":123,"loc":{"start":{"line":123,"column":77},"end":{"line":126,"column":10}},"skip":true},"9":{"name":"(anonymous_9)","line":139,"loc":{"start":{"line":139,"column":12},"end":{"line":139,"column":40}},"skip":true},"10":{"name":"(anonymous_10)","line":147,"loc":{"start":{"line":147,"column":77},"end":{"line":150,"column":10}},"skip":true},"11":{"name":"(anonymous_11)","line":158,"loc":{"start":{"line":158,"column":83},"end":{"line":161,"column":10}},"skip":true},"12":{"name":"(anonymous_12)","line":169,"loc":{"start":{"line":169,"column":79},"end":{"line":172,"column":10}},"skip":true},"13":{"name":"(anonymous_13)","line":180,"loc":{"start":{"line":180,"column":75},"end":{"line":183,"column":10}},"skip":true}},"statementMap":{"1":{"start":{"line":12,"column":0},"end":{"line":195,"column":5}},"2":{"start":{"line":14,"column":4},"end":{"line":14,"column":14}},"3":{"start":{"line":19,"column":4},"end":{"line":56,"column":9}},"4":{"start":{"line":21,"column":8},"end":{"line":21,"column":19}},"5":{"start":{"line":23,"column":8},"end":{"line":35,"column":13}},"6":{"start":{"line":24,"column":12},"end":{"line":34,"column":13}},"7":{"start":{"line":25,"column":16},"end":{"line":28,"column":30}},"8":{"start":{"line":30,"column":16},"end":{"line":33,"column":27}},"9":{"start":{"line":37,"column":8},"end":{"line":39,"column":21}},"10":{"start":{"line":40,"column":8},"end":{"line":53,"column":9}},"11":{"start":{"line":43,"column":12},"end":{"line":46,"column":14}},"12":{"start":{"line":47,"column":12},"end":{"line":47,"column":18}},"13":{"start":{"line":50,"column":12},"end":{"line":51,"column":46}},"14":{"start":{"line":52,"column":12},"end":{"line":52,"column":18}},"15":{"start":{"line":55,"column":8},"end":{"line":55,"column":35}},"16":{"start":{"line":61,"column":4},"end":{"line":63,"column":9}},"17":{"start":{"line":62,"column":8},"end":{"line":62,"column":15}},"18":{"start":{"line":64,"column":4},"end":{"line":77,"column":5}},"19":{"start":{"line":70,"column":8},"end":{"line":70,"column":14}},"20":{"start":{"line":76,"column":8},"end":{"line":76,"column":14}},"21":{"start":{"line":82,"column":4},"end":{"line":84,"column":9}},"22":{"start":{"line":83,"column":8},"end":{"line":83,"column":15}},"23":{"start":{"line":85,"column":4},"end":{"line":194,"column":5}},"24":{"start":{"line":91,"column":8},"end":{"line":99,"column":10}},"25":{"start":{"line":98,"column":12},"end":{"line":98,"column":35}},"26":{"start":{"line":102,"column":8},"end":{"line":104,"column":63}},"27":{"start":{"line":105,"column":8},"end":{"line":105,"column":14}},"28":{"start":{"line":112,"column":8},"end":{"line":121,"column":10},"skip":true},"29":{"start":{"line":119,"column":12},"end":{"line":119,"column":55},"skip":true},"30":{"start":{"line":120,"column":12},"end":{"line":120,"column":48},"skip":true},"31":{"start":{"line":123,"column":8},"end":{"line":136,"column":10},"skip":true},"32":{"start":{"line":130,"column":12},"end":{"line":130,"column":76},"skip":true},"33":{"start":{"line":131,"column":12},"end":{"line":131,"column":73},"skip":true},"34":{"start":{"line":132,"column":12},"end":{"line":132,"column":74},"skip":true},"35":{"start":{"line":133,"column":12},"end":{"line":133,"column":79},"skip":true},"36":{"start":{"line":134,"column":12},"end":{"line":134,"column":25},"skip":true},"37":{"start":{"line":135,"column":12},"end":{"line":135,"column":45},"skip":true},"38":{"start":{"line":138,"column":8},"end":{"line":145,"column":14},"skip":true},"39":{"start":{"line":143,"column":16},"end":{"line":143,"column":29},"skip":true},"40":{"start":{"line":144,"column":16},"end":{"line":144,"column":55},"skip":true},"41":{"start":{"line":147,"column":8},"end":{"line":156,"column":10},"skip":true},"42":{"start":{"line":154,"column":12},"end":{"line":154,"column":25},"skip":true},"43":{"start":{"line":155,"column":12},"end":{"line":155,"column":45},"skip":true},"44":{"start":{"line":158,"column":8},"end":{"line":167,"column":10},"skip":true},"45":{"start":{"line":165,"column":12},"end":{"line":165,"column":25},"skip":true},"46":{"start":{"line":166,"column":12},"end":{"line":166,"column":48},"skip":true},"47":{"start":{"line":169,"column":8},"end":{"line":178,"column":10},"skip":true},"48":{"start":{"line":176,"column":12},"end":{"line":176,"column":25},"skip":true},"49":{"start":{"line":177,"column":12},"end":{"line":177,"column":46},"skip":true},"50":{"start":{"line":180,"column":8},"end":{"line":189,"column":10},"skip":true},"51":{"start":{"line":187,"column":12},"end":{"line":187,"column":94},"skip":true},"52":{"start":{"line":188,"column":12},"end":{"line":188,"column":48},"skip":true},"53":{"start":{"line":192,"column":8},"end":{"line":192,"column":35},"skip":true},"54":{"start":{"line":193,"column":8},"end":{"line":193,"column":14},"skip":true}},"branchMap":{"1":{"line":25,"type":"binary-expr","locations":[{"start":{"line":25,"column":23},"end":{"line":25,"column":62}},{"start":{"line":26,"column":20},"end":{"line":26,"column":70}},{"start":{"line":27,"column":20},"end":{"line":27,"column":71}},{"start":{"line":28,"column":20},"end":{"line":28,"column":29}}]},"2":{"line":30,"type":"binary-expr","locations":[{"start":{"line":30,"column":23},"end":{"line":30,"column":37}},{"start":{"line":31,"column":20},"end":{"line":31,"column":61}},{"start":{"line":32,"column":20},"end":{"line":32,"column":70}},{"start":{"line":33,"column":20},"end":{"line":33,"column":26}}]},"3":{"line":37,"type":"cond-expr","locations":[{"start":{"line":38,"column":14},"end":{"line":38,"column":20}},{"start":{"line":39,"column":14},"end":{"line":39,"column":20}}]},"4":{"line":40,"type":"switch","locations":[{"start":{"line":42,"column":8},"end":{"line":47,"column":18}},{"start":{"line":49,"column":8},"end":{"line":52,"column":18}}]},"5":{"line":44,"type":"binary-expr","locations":[{"start":{"line":44,"column":16},"end":{"line":44,"column":44}},{"start":{"line":44,"column":48},"end":{"line":44,"column":66}}]},"6":{"line":50,"type":"binary-expr","locations":[{"start":{"line":50,"column":21},"end":{"line":50,"column":49}},{"start":{"line":50,"column":53},"end":{"line":50,"column":72}}]},"7":{"line":64,"type":"switch","locations":[{"start":{"line":69,"column":4},"end":{"line":70,"column":14}},{"start":{"line":75,"column":4},"end":{"line":76,"column":14}}]},"8":{"line":85,"type":"switch","locations":[{"start":{"line":90,"column":4},"end":{"line":105,"column":14}},{"start":{"line":111,"column":4},"end":{"line":193,"column":14},"skip":true}]},"9":{"line":91,"type":"binary-expr","locations":[{"start":{"line":91,"column":42},"end":{"line":91,"column":73}},{"start":{"line":91,"column":77},"end":{"line":99,"column":9}}]},"10":{"line":102,"type":"binary-expr","locations":[{"start":{"line":102,"column":18},"end":{"line":102,"column":32}},{"start":{"line":103,"column":12},"end":{"line":103,"column":53}},{"start":{"line":104,"column":12},"end":{"line":104,"column":61}}]},"11":{"line":112,"type":"binary-expr","locations":[{"start":{"line":112,"column":45},"end":{"line":112,"column":79},"skip":true},{"start":{"line":112,"column":83},"end":{"line":121,"column":9},"skip":true}]},"12":{"line":123,"type":"binary-expr","locations":[{"start":{"line":123,"column":42},"end":{"line":123,"column":73},"skip":true},{"start":{"line":123,"column":77},"end":{"line":136,"column":9},"skip":true}]},"13":{"line":138,"type":"binary-expr","locations":[{"start":{"line":138,"column":48},"end":{"line":138,"column":85},"skip":true},{"start":{"line":139,"column":12},"end":{"line":145,"column":13},"skip":true}]},"14":{"line":147,"type":"binary-expr","locations":[{"start":{"line":147,"column":42},"end":{"line":147,"column":73},"skip":true},{"start":{"line":147,"column":77},"end":{"line":156,"column":9},"skip":true}]},"15":{"line":158,"type":"binary-expr","locations":[{"start":{"line":158,"column":45},"end":{"line":158,"column":79},"skip":true},{"start":{"line":158,"column":83},"end":{"line":167,"column":9},"skip":true}]},"16":{"line":169,"type":"binary-expr","locations":[{"start":{"line":169,"column":43},"end":{"line":169,"column":75},"skip":true},{"start":{"line":169,"column":79},"end":{"line":178,"column":9},"skip":true}]},"17":{"line":180,"type":"binary-expr","locations":[{"start":{"line":180,"column":41},"end":{"line":180,"column":71},"skip":true},{"start":{"line":180,"column":75},"end":{"line":189,"column":9},"skip":true}]}},"code":["/* istanbul instrument in package npmtest_pkgfiles */","/*jslint","    bitwise: true,","    browser: true,","    maxerr: 8,","    maxlen: 96,","    node: true,","    nomen: true,","    regexp: true,","    stupid: true","*/","(function () {","    'use strict';","    var local;","","","","    // run shared js-env code - pre-init","    (function () {","        // init local","        local = {};","        // init modeJs","        local.modeJs = (function () {","            try {","                return typeof navigator.userAgent === 'string' &&","                    typeof document.querySelector('body') === 'object' &&","                    typeof XMLHttpRequest.prototype.open === 'function' &&","                    'browser';","            } catch (errorCaughtBrowser) {","                return module.exports &&","                    typeof process.versions.node === 'string' &&","                    typeof require('http').createServer === 'function' &&","                    'node';","            }","        }());","        // init global","        local.global = local.modeJs === 'browser'","            ? window","            : global;","        switch (local.modeJs) {","        // re-init local from window.local","        case 'browser':","            local = local.global.utility2.objectSetDefault(","                local.global.utility2_rollup || local.global.local,","                local.global.utility2","            );","            break;","        // re-init local from example.js","        case 'node':","            local = (local.global.utility2_rollup || require('utility2'))","                .requireExampleJsFromReadme();","            break;","        }","        // export local","        local.global.local = local;","    }());","","","","    // run shared js-env code - function","    (function () {","        return;","    }());","    switch (local.modeJs) {","","","","    // run browser js-env code - function","    case 'browser':","        break;","","","","    // run node js-env code - function","    case 'node':","        break;","    }","","","","    // run shared js-env code - post-init","    (function () {","        return;","    }());","    switch (local.modeJs) {","","","","    // run browser js-env code - post-init","    case 'browser':","        local.testCase_browser_nullCase = local.testCase_browser_nullCase || function (","            options,","            onError","        ) {","        /*","         * this function will test browsers's null-case handling-behavior-behavior","         */","            onError(null, options);","        };","","        // run tests","        local.nop(local.modeTest &&","            document.querySelector('#testRunButton1') &&","            document.querySelector('#testRunButton1').click());","        break;","","","","    // run node js-env code - post-init","    /* istanbul ignore next */","    case 'node':","        local.testCase_buildApidoc_default = local.testCase_buildApidoc_default || function (","            options,","            onError","        ) {","        /*","         * this function will test buildApidoc's default handling-behavior-behavior","         */","            options = { modulePathList: module.paths };","            local.buildApidoc(options, onError);","        };","","        local.testCase_buildApp_default = local.testCase_buildApp_default || function (","            options,","            onError","        ) {","        /*","         * this function will test buildApp's default handling-behavior-behavior","         */","            local.testCase_buildReadme_default(options, local.onErrorThrow);","            local.testCase_buildLib_default(options, local.onErrorThrow);","            local.testCase_buildTest_default(options, local.onErrorThrow);","            local.testCase_buildCustomOrg_default(options, local.onErrorThrow);","            options = [];","            local.buildApp(options, onError);","        };","","        local.testCase_buildCustomOrg_default = local.testCase_buildCustomOrg_default ||","            function (options, onError) {","            /*","             * this function will test buildCustomOrg's default handling-behavior","             */","                options = {};","                local.buildCustomOrg(options, onError);","            };","","        local.testCase_buildLib_default = local.testCase_buildLib_default || function (","            options,","            onError","        ) {","        /*","         * this function will test buildLib's default handling-behavior","         */","            options = {};","            local.buildLib(options, onError);","        };","","        local.testCase_buildReadme_default = local.testCase_buildReadme_default || function (","            options,","            onError","        ) {","        /*","         * this function will test buildReadme's default handling-behavior-behavior","         */","            options = {};","            local.buildReadme(options, onError);","        };","","        local.testCase_buildTest_default = local.testCase_buildTest_default || function (","            options,","            onError","        ) {","        /*","         * this function will test buildTest's default handling-behavior","         */","            options = {};","            local.buildTest(options, onError);","        };","","        local.testCase_webpage_default = local.testCase_webpage_default || function (","            options,","            onError","        ) {","        /*","         * this function will test webpage's default handling-behavior","         */","            options = { modeCoverageMerge: true, url: local.serverLocalHost + '?modeTest=1' };","            local.browserTest(options, onError);","        };","","        // run test-server","        local.testRunServer(local);","        break;","    }","}());",""],"l":{"12":2,"14":2,"19":2,"21":2,"23":2,"24":2,"25":2,"30":1,"37":2,"40":2,"43":1,"47":1,"50":1,"52":1,"55":2,"61":2,"62":2,"64":2,"70":1,"76":1,"82":2,"83":2,"85":2,"91":1,"98":1,"102":1,"105":1,"112":1,"119":1,"120":1,"123":1,"130":1,"131":1,"132":1,"133":1,"134":1,"135":1,"138":1,"143":2,"144":2,"147":1,"154":2,"155":2,"158":1,"165":2,"166":2,"169":1,"176":2,"177":2,"180":1,"187":1,"188":1,"192":1,"193":1}},"/home/travis/build/npmtest/node-npmtest-pkgfiles/lib.npmtest_pkgfiles.js":{"path":"/home/travis/build/npmtest/node-npmtest-pkgfiles/lib.npmtest_pkgfiles.js","s":{"1":2,"2":2,"3":2,"4":2,"5":2,"6":2,"7":2,"8":1,"9":2,"10":2,"11":2,"12":2,"13":1,"14":1,"15":1,"16":1},"b":{"1":[2,1,1,1],"2":[1,1,1,1],"3":[1,1],"4":[2,2],"5":[1,1]},"f":{"1":2,"2":2,"3":2},"fnMap":{"1":{"name":"(anonymous_1)","line":12,"loc":{"start":{"line":12,"column":1},"end":{"line":12,"column":13}}},"2":{"name":"(anonymous_2)","line":19,"loc":{"start":{"line":19,"column":5},"end":{"line":19,"column":17}}},"3":{"name":"(anonymous_3)","line":23,"loc":{"start":{"line":23,"column":24},"end":{"line":23,"column":36}}}},"statementMap":{"1":{"start":{"line":12,"column":0},"end":{"line":53,"column":5}},"2":{"start":{"line":14,"column":4},"end":{"line":14,"column":14}},"3":{"start":{"line":19,"column":4},"end":{"line":52,"column":9}},"4":{"start":{"line":21,"column":8},"end":{"line":21,"column":19}},"5":{"start":{"line":23,"column":8},"end":{"line":35,"column":13}},"6":{"start":{"line":24,"column":12},"end":{"line":34,"column":13}},"7":{"start":{"line":25,"column":16},"end":{"line":28,"column":30}},"8":{"start":{"line":30,"column":16},"end":{"line":33,"column":27}},"9":{"start":{"line":37,"column":8},"end":{"line":39,"column":21}},"10":{"start":{"line":41,"column":8},"end":{"line":41,"column":54}},"11":{"start":{"line":43,"column":8},"end":{"line":43,"column":53}},"12":{"start":{"line":45,"column":8},"end":{"line":51,"column":9}},"13":{"start":{"line":46,"column":12},"end":{"line":46,"column":59}},"14":{"start":{"line":48,"column":12},"end":{"line":48,"column":35}},"15":{"start":{"line":49,"column":12},"end":{"line":49,"column":49}},"16":{"start":{"line":50,"column":12},"end":{"line":50,"column":43}}},"branchMap":{"1":{"line":25,"type":"binary-expr","locations":[{"start":{"line":25,"column":23},"end":{"line":25,"column":62}},{"start":{"line":26,"column":20},"end":{"line":26,"column":70}},{"start":{"line":27,"column":20},"end":{"line":27,"column":71}},{"start":{"line":28,"column":20},"end":{"line":28,"column":29}}]},"2":{"line":30,"type":"binary-expr","locations":[{"start":{"line":30,"column":23},"end":{"line":30,"column":37}},{"start":{"line":31,"column":20},"end":{"line":31,"column":61}},{"start":{"line":32,"column":20},"end":{"line":32,"column":70}},{"start":{"line":33,"column":20},"end":{"line":33,"column":26}}]},"3":{"line":37,"type":"cond-expr","locations":[{"start":{"line":38,"column":14},"end":{"line":38,"column":20}},{"start":{"line":39,"column":14},"end":{"line":39,"column":20}}]},"4":{"line":41,"type":"binary-expr","locations":[{"start":{"line":41,"column":16},"end":{"line":41,"column":44}},{"start":{"line":41,"column":48},"end":{"line":41,"column":53}}]},"5":{"line":45,"type":"if","locations":[{"start":{"line":45,"column":8},"end":{"line":45,"column":8}},{"start":{"line":45,"column":8},"end":{"line":45,"column":8}}]}},"code":["/* istanbul instrument in package npmtest_pkgfiles */","/*jslint","    bitwise: true,","    browser: true,","    maxerr: 8,","    maxlen: 96,","    node: true,","    nomen: true,","    regexp: true,","    stupid: true","*/","(function () {","    'use strict';","    var local;","","","","    // run shared js-env code - pre-init","    (function () {","        // init local","        local = {};","        // init modeJs","        local.modeJs = (function () {","            try {","                return typeof navigator.userAgent === 'string' &&","                    typeof document.querySelector('body') === 'object' &&","                    typeof XMLHttpRequest.prototype.open === 'function' &&","                    'browser';","            } catch (errorCaughtBrowser) {","                return module.exports &&","                    typeof process.versions.node === 'string' &&","                    typeof require('http').createServer === 'function' &&","                    'node';","            }","        }());","        // init global","        local.global = local.modeJs === 'browser'","            ? window","            : global;","        // init utility2_rollup","        local = local.global.utility2_rollup || local;","        // init lib","        local.local = local.npmtest_pkgfiles = local;","        // init exports","        if (local.modeJs === 'browser') {","            local.global.utility2_npmtest_pkgfiles = local;","        } else {","            module.exports = local;","            module.exports.__dirname = __dirname;","            module.exports.module = module;","        }","    }());","}());",""],"l":{"12":2,"14":2,"19":2,"21":2,"23":2,"24":2,"25":2,"30":1,"37":2,"41":2,"43":2,"45":2,"46":1,"48":1,"49":1,"50":1}},"/home/travis/build/npmtest/node-npmtest-pkgfiles/example.js":{"path":"/home/travis/build/npmtest/node-npmtest-pkgfiles/example.js","s":{"1":2,"2":2,"3":2,"4":2,"5":2,"6":2,"7":2,"8":1,"9":2,"10":2,"11":2,"12":2,"13":1,"14":2,"15":2,"16":2,"17":2,"18":2,"19":0,"20":2,"21":1,"22":1,"23":1,"24":1,"25":1,"26":0,"27":0,"28":1,"29":1,"30":2,"31":0,"32":0,"33":0,"34":1,"35":2,"36":2,"37":3,"38":3,"39":3,"40":3,"41":0,"42":3,"43":3,"44":3,"45":1,"46":3,"47":1,"48":1,"49":1,"50":1,"51":1,"52":1,"53":1,"54":1,"55":1,"56":1,"57":0,"58":1,"59":6,"60":6,"61":1,"62":2,"63":0,"64":2,"65":1,"66":1,"67":0,"68":0,"69":0,"70":0,"71":0,"72":0,"73":0,"74":0,"75":0,"76":0,"77":0,"78":0,"79":0,"80":0,"81":0,"82":0,"83":0},"b":{"1":[2,1,1,1],"2":[1,1,1,1],"3":[1,1],"4":[2,2],"5":[1,1],"6":[1,1],"7":[2,0],"8":[2,1,1,1,1,1],"9":[0,2,0],"10":[1,1],"11":[2,1,1],"12":[1,0],"13":[0,2],"14":[2,0,0,0,0,0,0],"15":[0,3],"16":[3,0],"17":[1,1],"18":[0,1],"19":[1,2,0,2],"20":[1,0],"21":[1,1],"22":[0,0],"23":[0,0],"24":[0,0],"25":[0,0],"26":[0,0],"27":[0,0],"28":[0,0]},"f":{"1":2,"2":2,"3":2,"4":2,"5":2,"6":2,"7":3,"8":3,"9":3,"10":1,"11":6,"12":0},"fnMap":{"1":{"name":"(anonymous_1)","line":26,"loc":{"start":{"line":26,"column":1},"end":{"line":26,"column":13}}},"2":{"name":"(anonymous_2)","line":33,"loc":{"start":{"line":33,"column":5},"end":{"line":33,"column":17}}},"3":{"name":"(anonymous_3)","line":37,"loc":{"start":{"line":37,"column":24},"end":{"line":37,"column":36}}},"4":{"name":"(anonymous_4)","line":69,"loc":{"start":{"line":69,"column":31},"end":{"line":69,"column":48}},"skip":true},"5":{"name":"(anonymous_5)","line":78,"loc":{"start":{"line":78,"column":26},"end":{"line":78,"column":45}},"skip":true},"6":{"name":"(anonymous_6)","line":123,"loc":{"start":{"line":123,"column":33},"end":{"line":123,"column":48}},"skip":true},"7":{"name":"(anonymous_7)","line":125,"loc":{"start":{"line":125,"column":27},"end":{"line":125,"column":39}},"skip":true},"8":{"name":"(anonymous_8)","line":133,"loc":{"start":{"line":133,"column":59},"end":{"line":133,"column":74}},"skip":true},"9":{"name":"(anonymous_9)","line":143,"loc":{"start":{"line":143,"column":45},"end":{"line":143,"column":62}},"skip":true},"10":{"name":"(anonymous_10)","line":144,"loc":{"start":{"line":144,"column":73},"end":{"line":144,"column":92}},"skip":true},"11":{"name":"(anonymous_11)","line":272,"loc":{"start":{"line":272,"column":51},"end":{"line":272,"column":77}},"skip":true},"12":{"name":"(anonymous_12)","line":315,"loc":{"start":{"line":315,"column":32},"end":{"line":315,"column":61}},"skip":true}},"statementMap":{"1":{"start":{"line":26,"column":0},"end":{"line":326,"column":5}},"2":{"start":{"line":28,"column":4},"end":{"line":28,"column":14}},"3":{"start":{"line":33,"column":4},"end":{"line":60,"column":9}},"4":{"start":{"line":35,"column":8},"end":{"line":35,"column":19}},"5":{"start":{"line":37,"column":8},"end":{"line":49,"column":13}},"6":{"start":{"line":38,"column":12},"end":{"line":48,"column":13}},"7":{"start":{"line":39,"column":16},"end":{"line":42,"column":30}},"8":{"start":{"line":44,"column":16},"end":{"line":47,"column":27}},"9":{"start":{"line":51,"column":8},"end":{"line":53,"column":21}},"10":{"start":{"line":55,"column":8},"end":{"line":57,"column":45}},"11":{"start":{"line":59,"column":8},"end":{"line":59,"column":35}},"12":{"start":{"line":61,"column":4},"end":{"line":325,"column":5}},"13":{"start":{"line":69,"column":8},"end":{"line":121,"column":10},"skip":true},"14":{"start":{"line":70,"column":12},"end":{"line":88,"column":13},"skip":true},"15":{"start":{"line":76,"column":16},"end":{"line":87,"column":19},"skip":true},"16":{"start":{"line":79,"column":20},"end":{"line":86,"column":21},"skip":true},"17":{"start":{"line":82,"column":24},"end":{"line":82,"column":43},"skip":true},"18":{"start":{"line":83,"column":24},"end":{"line":83,"column":30},"skip":true},"19":{"start":{"line":85,"column":24},"end":{"line":85,"column":49},"skip":true},"20":{"start":{"line":89,"column":12},"end":{"line":107,"column":13},"skip":true},"21":{"start":{"line":92,"column":16},"end":{"line":102,"column":17},"skip":true},"22":{"start":{"line":93,"column":20},"end":{"line":93,"column":86},"skip":true},"23":{"start":{"line":94,"column":20},"end":{"line":95,"column":45},"skip":true},"24":{"start":{"line":96,"column":20},"end":{"line":96,"column":42},"skip":true},"25":{"start":{"line":97,"column":20},"end":{"line":97,"column":48},"skip":true},"26":{"start":{"line":100,"column":20},"end":{"line":100,"column":85},"skip":true},"27":{"start":{"line":101,"column":20},"end":{"line":101,"column":96},"skip":true},"28":{"start":{"line":103,"column":16},"end":{"line":103,"column":22},"skip":true},"29":{"start":{"line":106,"column":16},"end":{"line":106,"column":22},"skip":true},"30":{"start":{"line":108,"column":12},"end":{"line":120,"column":13},"skip":true},"31":{"start":{"line":114,"column":16},"end":{"line":119,"column":17},"skip":true},"32":{"start":{"line":116,"column":20},"end":{"line":116,"column":78},"skip":true},"33":{"start":{"line":118,"column":20},"end":{"line":118,"column":47},"skip":true},"34":{"start":{"line":123,"column":8},"end":{"line":141,"column":11},"skip":true},"35":{"start":{"line":124,"column":12},"end":{"line":124,"column":54},"skip":true},"36":{"start":{"line":125,"column":12},"end":{"line":140,"column":14},"skip":true},"37":{"start":{"line":126,"column":16},"end":{"line":126,"column":28},"skip":true},"38":{"start":{"line":127,"column":16},"end":{"line":127,"column":69},"skip":true},"39":{"start":{"line":128,"column":16},"end":{"line":128,"column":75},"skip":true},"40":{"start":{"line":129,"column":16},"end":{"line":131,"column":17},"skip":true},"41":{"start":{"line":130,"column":20},"end":{"line":130,"column":27},"skip":true},"42":{"start":{"line":133,"column":16},"end":{"line":137,"column":36},"skip":true},"43":{"start":{"line":134,"column":20},"end":{"line":136,"column":55},"skip":true},"44":{"start":{"line":139,"column":16},"end":{"line":139,"column":57},"skip":true},"45":{"start":{"line":143,"column":8},"end":{"line":147,"column":11},"skip":true},"46":{"start":{"line":144,"column":12},"end":{"line":146,"column":15},"skip":true},"47":{"start":{"line":145,"column":16},"end":{"line":145,"column":70},"skip":true},"48":{"start":{"line":149,"column":8},"end":{"line":149,"column":31},"skip":true},"49":{"start":{"line":150,"column":8},"end":{"line":150,"column":14},"skip":true},"50":{"start":{"line":158,"column":8},"end":{"line":158,"column":31},"skip":true},"51":{"start":{"line":160,"column":8},"end":{"line":160,"column":33},"skip":true},"52":{"start":{"line":161,"column":8},"end":{"line":161,"column":37},"skip":true},"53":{"start":{"line":162,"column":8},"end":{"line":162,"column":35},"skip":true},"54":{"start":{"line":164,"column":8},"end":{"line":164,"column":50},"skip":true},"55":{"start":{"line":166,"column":8},"end":{"line":256,"column":2},"skip":true},"56":{"start":{"line":258,"column":8},"end":{"line":286,"column":9},"skip":true},"57":{"start":{"line":259,"column":12},"end":{"line":269,"column":14},"skip":true},"58":{"start":{"line":271,"column":12},"end":{"line":285,"column":19},"skip":true},"59":{"start":{"line":274,"column":20},"end":{"line":274,"column":35},"skip":true},"60":{"start":{"line":275,"column":20},"end":{"line":284,"column":21},"skip":true},"61":{"start":{"line":277,"column":24},"end":{"line":277,"column":64},"skip":true},"62":{"start":{"line":279,"column":24},"end":{"line":279,"column":40},"skip":true},"63":{"start":{"line":281,"column":24},"end":{"line":281,"column":40},"skip":true},"64":{"start":{"line":283,"column":24},"end":{"line":283,"column":39},"skip":true},"65":{"start":{"line":288,"column":8},"end":{"line":290,"column":9},"skip":true},"66":{"start":{"line":289,"column":12},"end":{"line":289,"column":18},"skip":true},"67":{"start":{"line":291,"column":8},"end":{"line":293,"column":54},"skip":true},"68":{"start":{"line":296,"column":8},"end":{"line":301,"column":37},"skip":true},"69":{"start":{"line":303,"column":8},"end":{"line":303,"column":82},"skip":true},"70":{"start":{"line":306,"column":8},"end":{"line":308,"column":9},"skip":true},"71":{"start":{"line":307,"column":12},"end":{"line":307,"column":82},"skip":true},"72":{"start":{"line":310,"column":8},"end":{"line":312,"column":9},"skip":true},"73":{"start":{"line":311,"column":12},"end":{"line":311,"column":18},"skip":true},"74":{"start":{"line":313,"column":8},"end":{"line":313,"column":54},"skip":true},"75":{"start":{"line":314,"column":8},"end":{"line":314,"column":69},"skip":true},"76":{"start":{"line":315,"column":8},"end":{"line":323,"column":36},"skip":true},"77":{"start":{"line":316,"column":12},"end":{"line":316,"column":61},"skip":true},"78":{"start":{"line":317,"column":12},"end":{"line":320,"column":13},"skip":true},"79":{"start":{"line":318,"column":16},"end":{"line":318,"column":75},"skip":true},"80":{"start":{"line":319,"column":16},"end":{"line":319,"column":23},"skip":true},"81":{"start":{"line":321,"column":12},"end":{"line":321,"column":38},"skip":true},"82":{"start":{"line":322,"column":12},"end":{"line":322,"column":27},"skip":true},"83":{"start":{"line":324,"column":8},"end":{"line":324,"column":14},"skip":true}},"branchMap":{"1":{"line":39,"type":"binary-expr","locations":[{"start":{"line":39,"column":23},"end":{"line":39,"column":62}},{"start":{"line":40,"column":20},"end":{"line":40,"column":70}},{"start":{"line":41,"column":20},"end":{"line":41,"column":71}},{"start":{"line":42,"column":20},"end":{"line":42,"column":29}}]},"2":{"line":44,"type":"binary-expr","locations":[{"start":{"line":44,"column":23},"end":{"line":44,"column":37}},{"start":{"line":45,"column":20},"end":{"line":45,"column":61}},{"start":{"line":46,"column":20},"end":{"line":46,"column":70}},{"start":{"line":47,"column":20},"end":{"line":47,"column":26}}]},"3":{"line":51,"type":"cond-expr","locations":[{"start":{"line":52,"column":14},"end":{"line":52,"column":20}},{"start":{"line":53,"column":14},"end":{"line":53,"column":20}}]},"4":{"line":55,"type":"binary-expr","locations":[{"start":{"line":55,"column":16},"end":{"line":55,"column":44}},{"start":{"line":55,"column":49},"end":{"line":57,"column":43}}]},"5":{"line":55,"type":"cond-expr","locations":[{"start":{"line":56,"column":14},"end":{"line":56,"column":52}},{"start":{"line":57,"column":14},"end":{"line":57,"column":43}}]},"6":{"line":61,"type":"switch","locations":[{"start":{"line":68,"column":4},"end":{"line":150,"column":14},"skip":true},{"start":{"line":156,"column":4},"end":{"line":324,"column":14},"skip":true}]},"7":{"line":70,"type":"if","locations":[{"start":{"line":70,"column":12},"end":{"line":70,"column":12},"skip":true},{"start":{"line":70,"column":12},"end":{"line":70,"column":12},"skip":true}]},"8":{"line":70,"type":"binary-expr","locations":[{"start":{"line":70,"column":16},"end":{"line":70,"column":22},"skip":true},{"start":{"line":70,"column":27},"end":{"line":70,"column":32},"skip":true},{"start":{"line":71,"column":20},"end":{"line":71,"column":39},"skip":true},{"start":{"line":72,"column":20},"end":{"line":72,"column":49},"skip":true},{"start":{"line":73,"column":20},"end":{"line":73,"column":58},"skip":true},{"start":{"line":74,"column":20},"end":{"line":74,"column":69},"skip":true}]},"9":{"line":79,"type":"switch","locations":[{"start":{"line":80,"column":20},"end":{"line":80,"column":33},"skip":true},{"start":{"line":81,"column":20},"end":{"line":83,"column":30},"skip":true},{"start":{"line":84,"column":20},"end":{"line":85,"column":49},"skip":true}]},"10":{"line":89,"type":"switch","locations":[{"start":{"line":90,"column":12},"end":{"line":103,"column":22},"skip":true},{"start":{"line":105,"column":12},"end":{"line":106,"column":22},"skip":true}]},"11":{"line":89,"type":"binary-expr","locations":[{"start":{"line":89,"column":20},"end":{"line":89,"column":25},"skip":true},{"start":{"line":89,"column":29},"end":{"line":89,"column":48},"skip":true},{"start":{"line":89,"column":52},"end":{"line":89,"column":74},"skip":true}]},"12":{"line":92,"type":"if","locations":[{"start":{"line":92,"column":16},"end":{"line":92,"column":16},"skip":true},{"start":{"line":92,"column":16},"end":{"line":92,"column":16},"skip":true}]},"13":{"line":108,"type":"if","locations":[{"start":{"line":108,"column":12},"end":{"line":108,"column":12},"skip":true},{"start":{"line":108,"column":12},"end":{"line":108,"column":12},"skip":true}]},"14":{"line":108,"type":"binary-expr","locations":[{"start":{"line":108,"column":16},"end":{"line":108,"column":61},"skip":true},{"start":{"line":108,"column":66},"end":{"line":108,"column":72},"skip":true},{"start":{"line":108,"column":77},"end":{"line":108,"column":82},"skip":true},{"start":{"line":109,"column":20},"end":{"line":109,"column":39},"skip":true},{"start":{"line":110,"column":20},"end":{"line":110,"column":49},"skip":true},{"start":{"line":111,"column":20},"end":{"line":111,"column":58},"skip":true},{"start":{"line":112,"column":20},"end":{"line":112,"column":68},"skip":true}]},"15":{"line":129,"type":"if","locations":[{"start":{"line":129,"column":16},"end":{"line":129,"column":16},"skip":true},{"start":{"line":129,"column":16},"end":{"line":129,"column":16},"skip":true}]},"16":{"line":134,"type":"cond-expr","locations":[{"start":{"line":135,"column":26},"end":{"line":135,"column":29},"skip":true},{"start":{"line":136,"column":26},"end":{"line":136,"column":54},"skip":true}]},"17":{"line":164,"type":"binary-expr","locations":[{"start":{"line":164,"column":27},"end":{"line":164,"column":43},"skip":true},{"start":{"line":164,"column":47},"end":{"line":164,"column":49},"skip":true}]},"18":{"line":258,"type":"if","locations":[{"start":{"line":258,"column":8},"end":{"line":258,"column":8},"skip":true},{"start":{"line":258,"column":8},"end":{"line":258,"column":8},"skip":true}]},"19":{"line":275,"type":"switch","locations":[{"start":{"line":276,"column":20},"end":{"line":277,"column":64},"skip":true},{"start":{"line":278,"column":20},"end":{"line":279,"column":40},"skip":true},{"start":{"line":280,"column":20},"end":{"line":281,"column":40},"skip":true},{"start":{"line":282,"column":20},"end":{"line":283,"column":39},"skip":true}]},"20":{"line":288,"type":"if","locations":[{"start":{"line":288,"column":8},"end":{"line":288,"column":8},"skip":true},{"start":{"line":288,"column":8},"end":{"line":288,"column":8},"skip":true}]},"21":{"line":288,"type":"binary-expr","locations":[{"start":{"line":288,"column":12},"end":{"line":288,"column":40},"skip":true},{"start":{"line":288,"column":44},"end":{"line":288,"column":67},"skip":true}]},"22":{"line":292,"type":"binary-expr","locations":[{"start":{"line":292,"column":12},"end":{"line":292,"column":50},"skip":true},{"start":{"line":293,"column":12},"end":{"line":293,"column":53},"skip":true}]},"23":{"line":297,"type":"binary-expr","locations":[{"start":{"line":297,"column":12},"end":{"line":297,"column":66},"skip":true},{"start":{"line":298,"column":12},"end":{"line":301,"column":36},"skip":true}]},"24":{"line":303,"type":"binary-expr","locations":[{"start":{"line":303,"column":43},"end":{"line":303,"column":75},"skip":true},{"start":{"line":303,"column":79},"end":{"line":303,"column":81},"skip":true}]},"25":{"line":306,"type":"if","locations":[{"start":{"line":306,"column":8},"end":{"line":306,"column":8},"skip":true},{"start":{"line":306,"column":8},"end":{"line":306,"column":8},"skip":true}]},"26":{"line":310,"type":"if","locations":[{"start":{"line":310,"column":8},"end":{"line":310,"column":8},"skip":true},{"start":{"line":310,"column":8},"end":{"line":310,"column":8},"skip":true}]},"27":{"line":313,"type":"binary-expr","locations":[{"start":{"line":313,"column":27},"end":{"line":313,"column":43},"skip":true},{"start":{"line":313,"column":47},"end":{"line":313,"column":53},"skip":true}]},"28":{"line":317,"type":"if","locations":[{"start":{"line":317,"column":12},"end":{"line":317,"column":12},"skip":true},{"start":{"line":317,"column":12},"end":{"line":317,"column":12},"skip":true}]}},"code":["/*","example.js","","quickstart example","","instruction","    1. save this script as example.js","    2. run the shell command:","        $ npm install npmtest-pkgfiles && PORT=8081 node example.js","    3. play with the browser-demo on http://127.0.0.1:8081","*/","","","","/* istanbul instrument in package npmtest_pkgfiles */","/*jslint","    bitwise: true,","    browser: true,","    maxerr: 8,","    maxlen: 96,","    node: true,","    nomen: true,","    regexp: true,","    stupid: true","*/","(function () {","    'use strict';","    var local;","","","","    // run shared js-env code - pre-init","    (function () {","        // init local","        local = {};","        // init modeJs","        local.modeJs = (function () {","            try {","                return typeof navigator.userAgent === 'string' &&","                    typeof document.querySelector('body') === 'object' &&","                    typeof XMLHttpRequest.prototype.open === 'function' &&","                    'browser';","            } catch (errorCaughtBrowser) {","                return module.exports &&","                    typeof process.versions.node === 'string' &&","                    typeof require('http').createServer === 'function' &&","                    'node';","            }","        }());","        // init global","        local.global = local.modeJs === 'browser'","            ? window","            : global;","        // init utility2_rollup","        local = local.global.utility2_rollup || (local.modeJs === 'browser'","            ? local.global.utility2_npmtest_pkgfiles","            : global.utility2_moduleExports);","        // export local","        local.global.local = local;","    }());","    switch (local.modeJs) {","","","","    // post-init","    // run browser js-env code - post-init","    /* istanbul ignore next */","    case 'browser':","        local.testRunBrowser = function (event) {","            if (!event || (event &&","                    event.currentTarget &&","                    event.currentTarget.className &&","                    event.currentTarget.className.includes &&","                    event.currentTarget.className.includes('onreset'))) {","                // reset output","                Array.from(","                    document.querySelectorAll('body > .resettable')","                ).forEach(function (element) {","                    switch (element.tagName) {","                    case 'INPUT':","                    case 'TEXTAREA':","                        element.value = '';","                        break;","                    default:","                        element.textContent = '';","                    }","                });","            }","            switch (event && event.currentTarget && event.currentTarget.id) {","            case 'testRunButton1':","                // show tests","                if (document.querySelector('#testReportDiv1').style.display === 'none') {","                    document.querySelector('#testReportDiv1').style.display = 'block';","                    document.querySelector('#testRunButton1').textContent =","                        'hide internal test';","                    local.modeTest = true;","                    local.testRunDefault(local);","                // hide tests","                } else {","                    document.querySelector('#testReportDiv1').style.display = 'none';","                    document.querySelector('#testRunButton1').textContent = 'run internal test';","                }","                break;","            // custom-case","            default:","                break;","            }","            if (document.querySelector('#inputTextareaEval1') && (!event || (event &&","                    event.currentTarget &&","                    event.currentTarget.className &&","                    event.currentTarget.className.includes &&","                    event.currentTarget.className.includes('oneval')))) {","                // try to eval input-code","                try {","                    /*jslint evil: true*/","                    eval(document.querySelector('#inputTextareaEval1').value);","                } catch (errorCaught) {","                    console.error(errorCaught);","                }","            }","        };","        // log stderr and stdout to #outputTextareaStdout1","        ['error', 'log'].forEach(function (key) {","            console[key + '_original'] = console[key];","            console[key] = function () {","                var element;","                console[key + '_original'].apply(console, arguments);","                element = document.querySelector('#outputTextareaStdout1');","                if (!element) {","                    return;","                }","                // append text to #outputTextareaStdout1","                element.value += Array.from(arguments).map(function (arg) {","                    return typeof arg === 'string'","                        ? arg","                        : JSON.stringify(arg, null, 4);","                }).join(' ') + '\\n';","                // scroll textarea to bottom","                element.scrollTop = element.scrollHeight;","            };","        });","        // init event-handling","        ['change', 'click', 'keyup'].forEach(function (event) {","            Array.from(document.querySelectorAll('.on' + event)).forEach(function (element) {","                element.addEventListener(event, local.testRunBrowser);","            });","        });","        // run tests","        local.testRunBrowser();","        break;","","","","    // run node js-env code - post-init","    /* istanbul ignore next */","    case 'node':","        // export local","        module.exports = local;","        // require modules","        local.fs = require('fs');","        local.http = require('http');","        local.url = require('url');","        // init assets","        local.assetsDict = local.assetsDict || {};","        /* jslint-ignore-begin */","        local.assetsDict['/assets.index.template.html'] = '\\","<!doctype html>\\n\\","<html lang=\"en\">\\n\\","<head>\\n\\","<meta charset=\"UTF-8\">\\n\\","<meta name=\"viewport\" content=\"width=device-width, initial-scale=1\">\\n\\","<title>{{env.npm_package_name}} (v{{env.npm_package_version}})</title>\\n\\","<style>\\n\\","/*csslint\\n\\","    box-sizing: false,\\n\\","    universal-selector: false\\n\\","*/\\n\\","* {\\n\\","    box-sizing: border-box;\\n\\","}\\n\\","body {\\n\\","    background: #dde;\\n\\","    font-family: Arial, Helvetica, sans-serif;\\n\\","    margin: 2rem;\\n\\","}\\n\\","body > * {\\n\\","    margin-bottom: 1rem;\\n\\","}\\n\\",".utility2FooterDiv {\\n\\","    margin-top: 20px;\\n\\","    text-align: center;\\n\\","}\\n\\","</style>\\n\\","<style>\\n\\","/*csslint\\n\\","*/\\n\\","textarea {\\n\\","    font-family: monospace;\\n\\","    height: 10rem;\\n\\","    width: 100%;\\n\\","}\\n\\","textarea[readonly] {\\n\\","    background: #ddd;\\n\\","}\\n\\","</style>\\n\\","</head>\\n\\","<body>\\n\\","<!-- utility2-comment\\n\\","<div id=\"ajaxProgressDiv1\" style=\"background: #d00; height: 2px; left: 0; margin: 0; padding: 0; position: fixed; top: 0; transition: background 0.5s, width 1.5s; width: 25%;\"></div>\\n\\","utility2-comment -->\\n\\","<h1>\\n\\","<!-- utility2-comment\\n\\","    <a\\n\\","        {{#if env.npm_package_homepage}}\\n\\","        href=\"{{env.npm_package_homepage}}\"\\n\\","        {{/if env.npm_package_homepage}}\\n\\","        target=\"_blank\"\\n\\","    >\\n\\","utility2-comment -->\\n\\","        {{env.npm_package_name}} (v{{env.npm_package_version}})\\n\\","<!-- utility2-comment\\n\\","    </a>\\n\\","utility2-comment -->\\n\\","</h1>\\n\\","<h3>{{env.npm_package_description}}</h3>\\n\\","<!-- utility2-comment\\n\\","<h4><a download href=\"assets.app.js\">download standalone app</a></h4>\\n\\","<button class=\"onclick onreset\" id=\"testRunButton1\">run internal test</button><br>\\n\\","<div id=\"testReportDiv1\" style=\"display: none;\"></div>\\n\\","utility2-comment -->\\n\\","\\n\\","\\n\\","\\n\\","<label>stderr and stdout</label>\\n\\","<textarea class=\"resettable\" id=\"outputTextareaStdout1\" readonly></textarea>\\n\\","<!-- utility2-comment\\n\\","{{#if isRollup}}\\n\\","<script src=\"assets.app.js\"></script>\\n\\","{{#unless isRollup}}\\n\\","utility2-comment -->\\n\\","<script src=\"assets.utility2.rollup.js\"></script>\\n\\","<script src=\"jsonp.utility2._stateInit?callback=window.utility2._stateInit\"></script>\\n\\","<script src=\"assets.npmtest_pkgfiles.rollup.js\"></script>\\n\\","<script src=\"assets.example.js\"></script>\\n\\","<script src=\"assets.test.js\"></script>\\n\\","<!-- utility2-comment\\n\\","{{/if isRollup}}\\n\\","utility2-comment -->\\n\\","<div class=\"utility2FooterDiv\">\\n\\","    [ this app was created with\\n\\","    <a href=\"https://github.com/kaizhu256/node-utility2\" target=\"_blank\">utility2</a>\\n\\","    ]\\n\\","</div>\\n\\","</body>\\n\\","</html>\\n\\","';","        /* jslint-ignore-end */","        if (local.templateRender) {","            local.assetsDict['/'] = local.templateRender(","                local.assetsDict['/assets.index.template.html'],","                {","                    env: local.objectSetDefault(local.env, {","                        npm_package_description: 'the greatest app in the world!',","                        npm_package_name: 'my-app',","                        npm_package_nameAlias: 'my_app',","                        npm_package_version: '0.0.1'","                    })","                }","            );","        } else {","            local.assetsDict['/'] = local.assetsDict['/assets.index.template.html']","                .replace((/\\{\\{env\\.(\\w+?)\\}\\}/g), function (match0, match1) {","                    // jslint-hack","                    String(match0);","                    switch (match1) {","                    case 'npm_package_description':","                        return 'the greatest app in the world!';","                    case 'npm_package_name':","                        return 'my-app';","                    case 'npm_package_nameAlias':","                        return 'my_app';","                    case 'npm_package_version':","                        return '0.0.1';","                    }","                });","        }","        // run the cli","        if (local.global.utility2_rollup || module !== require.main) {","            break;","        }","        local.assetsDict['/assets.example.js'] =","            local.assetsDict['/assets.example.js'] ||","            local.fs.readFileSync(__filename, 'utf8');","        // bug-workaround - long $npm_package_buildCustomOrg","        /* jslint-ignore-begin */","        local.assetsDict['/assets.npmtest_pkgfiles.rollup.js'] =","            local.assetsDict['/assets.npmtest_pkgfiles.rollup.js'] ||","            local.fs.readFileSync(","                local.npmtest_pkgfiles.__dirname + '/lib.npmtest_pkgfiles.js',","                'utf8'","            ).replace((/^#!/), '//');","        /* jslint-ignore-end */","        local.assetsDict['/favicon.ico'] = local.assetsDict['/favicon.ico'] || '';","        // if $npm_config_timeout_exit exists,","        // then exit this process after $npm_config_timeout_exit ms","        if (Number(process.env.npm_config_timeout_exit)) {","            setTimeout(process.exit, Number(process.env.npm_config_timeout_exit));","        }","        // start server","        if (local.global.utility2_serverHttp1) {","            break;","        }","        process.env.PORT = process.env.PORT || '8081';","        console.error('server starting on port ' + process.env.PORT);","        local.http.createServer(function (request, response) {","            request.urlParsed = local.url.parse(request.url);","            if (local.assetsDict[request.urlParsed.pathname] !== undefined) {","                response.end(local.assetsDict[request.urlParsed.pathname]);","                return;","            }","            response.statusCode = 404;","            response.end();","        }).listen(process.env.PORT);","        break;","    }","}());",""],"l":{"26":2,"28":2,"33":2,"35":2,"37":2,"38":2,"39":2,"44":1,"51":2,"55":2,"59":2,"61":2,"69":1,"70":2,"76":2,"79":2,"82":2,"83":2,"85":1,"89":2,"92":1,"93":1,"94":1,"96":1,"97":1,"100":1,"101":1,"103":1,"106":1,"108":2,"114":1,"116":1,"118":1,"123":1,"124":2,"125":2,"126":3,"127":3,"128":3,"129":3,"130":1,"133":3,"134":3,"139":3,"143":1,"144":3,"145":1,"149":1,"150":1,"158":1,"160":1,"161":1,"162":1,"164":1,"166":1,"258":1,"259":1,"271":1,"274":6,"275":6,"277":1,"279":2,"281":1,"283":2,"288":1,"289":1,"291":1,"296":1,"303":1,"306":1,"307":1,"310":1,"311":1,"313":1,"314":1,"315":1,"316":1,"317":1,"318":1,"319":1,"321":1,"322":1,"324":1}},"/home/travis/build/npmtest/node-npmtest-pkgfiles/node_modules/pkgfiles/index.js":{"path":"/home/travis/build/npmtest/node-npmtest-pkgfiles/node_modules/pkgfiles/index.js","s":{"1":1,"2":1,"3":1,"4":1,"5":1,"6":1,"7":1,"8":1,"9":1,"10":0,"11":1,"12":1,"13":1,"14":1,"15":0,"16":0,"17":1,"18":1,"19":1,"20":6,"21":1,"22":0,"23":0,"24":1,"25":6,"26":1,"27":6,"28":6,"29":6,"30":0,"31":0,"32":0,"33":6,"34":1,"35":0,"36":1,"37":6,"38":1,"39":1,"40":1,"41":1,"42":6,"43":1,"44":1,"45":1,"46":1,"47":1,"48":1,"49":1,"50":1,"51":1,"52":1,"53":1,"54":6,"55":0,"56":6,"57":6,"58":6,"59":0,"60":0,"61":1,"62":1,"63":1,"64":1,"65":1,"66":1,"67":1,"68":1,"69":0,"70":1,"71":1,"72":7,"73":1,"74":6,"75":1,"76":6,"77":1,"78":1,"79":1,"80":1,"81":1,"82":0,"83":1,"84":1,"85":1,"86":0,"87":1,"88":1,"89":1,"90":1,"91":1,"92":0,"93":1,"94":1,"95":0,"96":1,"97":1,"98":0,"99":1,"100":1,"101":1,"102":1,"103":6,"104":6,"105":6,"106":0,"107":0,"108":6,"109":6,"110":6,"111":1,"112":12,"113":1,"114":0},"b":{"1":[0,1],"2":[0,1],"3":[1,0],"4":[0,6],"5":[0,0],"6":[0,1],"7":[6,6],"8":[1,0],"9":[0,6],"10":[0,1],"11":[6,0],"12":[6,0],"13":[1,0],"14":[1,0],"15":[0,1],"16":[0,1],"17":[0,1],"18":[1,0],"19":[0,1],"20":[0,1],"21":[1,0],"22":[1,0],"23":[6,6,6],"24":[6,0],"25":[0,0]},"f":{"1":1,"2":1,"3":6,"4":1,"5":0,"6":0,"7":1,"8":6,"9":6,"10":6,"11":1,"12":6,"13":1,"14":1,"15":6,"16":1,"17":1,"18":1,"19":1,"20":1,"21":6,"22":1,"23":1,"24":0,"25":1,"26":7,"27":6,"28":6,"29":1,"30":1,"31":1,"32":1,"33":6,"34":12,"35":0},"fnMap":{"1":{"name":"pkgFiles","line":11,"loc":{"start":{"line":11,"column":0},"end":{"line":11,"column":27}}},"2":{"name":"(anonymous_2)","line":12,"loc":{"start":{"line":12,"column":43},"end":{"line":12,"column":70}}},"3":{"name":"(anonymous_3)","line":25,"loc":{"start":{"line":25,"column":17},"end":{"line":25,"column":33}}},"4":{"name":"(anonymous_4)","line":28,"loc":{"start":{"line":28,"column":19},"end":{"line":28,"column":33}}},"5":{"name":"(anonymous_5)","line":31,"loc":{"start":{"line":31,"column":17},"end":{"line":31,"column":31}}},"6":{"name":"(anonymous_6)","line":33,"loc":{"start":{"line":33,"column":11},"end":{"line":33,"column":22}}},"7":{"name":"(anonymous_7)","line":35,"loc":{"start":{"line":35,"column":15},"end":{"line":35,"column":26}}},"8":{"name":"(anonymous_8)","line":37,"loc":{"start":{"line":37,"column":24},"end":{"line":37,"column":39}}},"9":{"name":"(anonymous_9)","line":41,"loc":{"start":{"line":41,"column":27},"end":{"line":41,"column":48}}},"10":{"name":"(anonymous_10)","line":42,"loc":{"start":{"line":42,"column":23},"end":{"line":42,"column":43}}},"11":{"name":"(anonymous_11)","line":61,"loc":{"start":{"line":61,"column":9},"end":{"line":61,"column":32}}},"12":{"name":"(anonymous_12)","line":64,"loc":{"start":{"line":64,"column":16},"end":{"line":64,"column":42}}},"13":{"name":"(anonymous_13)","line":70,"loc":{"start":{"line":70,"column":38},"end":{"line":70,"column":56}}},"14":{"name":"(anonymous_14)","line":81,"loc":{"start":{"line":81,"column":27},"end":{"line":81,"column":46}}},"15":{"name":"(anonymous_15)","line":83,"loc":{"start":{"line":83,"column":33},"end":{"line":83,"column":49}}},"16":{"name":"(anonymous_16)","line":91,"loc":{"start":{"line":91,"column":27},"end":{"line":91,"column":46}}},"17":{"name":"(anonymous_17)","line":93,"loc":{"start":{"line":93,"column":36},"end":{"line":93,"column":52}}},"18":{"name":"(anonymous_18)","line":101,"loc":{"start":{"line":101,"column":27},"end":{"line":101,"column":46}}},"19":{"name":"(anonymous_19)","line":104,"loc":{"start":{"line":104,"column":40},"end":{"line":104,"column":59}}},"20":{"name":"getDirSize","line":114,"loc":{"start":{"line":114,"column":0},"end":{"line":114,"column":30}}},"21":{"name":"(anonymous_21)","line":115,"loc":{"start":{"line":115,"column":34},"end":{"line":115,"column":60}}},"22":{"name":"summary","line":127,"loc":{"start":{"line":127,"column":19},"end":{"line":127,"column":47}}},"23":{"name":"once","line":128,"loc":{"start":{"line":128,"column":11},"end":{"line":128,"column":38}}},"24":{"name":"(anonymous_24)","line":130,"loc":{"start":{"line":130,"column":9},"end":{"line":130,"column":20}}},"25":{"name":"(anonymous_25)","line":144,"loc":{"start":{"line":144,"column":16},"end":{"line":144,"column":49}}},"26":{"name":"(anonymous_26)","line":147,"loc":{"start":{"line":147,"column":31},"end":{"line":147,"column":47}}},"27":{"name":"(anonymous_27)","line":150,"loc":{"start":{"line":150,"column":38},"end":{"line":150,"column":57}}},"28":{"name":"(anonymous_28)","line":153,"loc":{"start":{"line":153,"column":42},"end":{"line":153,"column":61}}},"29":{"name":"(anonymous_29)","line":160,"loc":{"start":{"line":160,"column":15},"end":{"line":160,"column":34}}},"30":{"name":"duSizes","line":168,"loc":{"start":{"line":168,"column":0},"end":{"line":168,"column":26}}},"31":{"name":"(anonymous_31)","line":171,"loc":{"start":{"line":171,"column":24},"end":{"line":171,"column":48}}},"32":{"name":"(anonymous_32)","line":177,"loc":{"start":{"line":177,"column":10},"end":{"line":177,"column":30}}},"33":{"name":"getAncestors","line":184,"loc":{"start":{"line":184,"column":0},"end":{"line":184,"column":31}}},"34":{"name":"unique","line":195,"loc":{"start":{"line":195,"column":0},"end":{"line":195,"column":34}}},"35":{"name":"dirContains","line":199,"loc":{"start":{"line":199,"column":0},"end":{"line":199,"column":36}}}},"statementMap":{"1":{"start":{"line":3,"column":0},"end":{"line":3,"column":22}},"2":{"start":{"line":4,"column":0},"end":{"line":4,"column":26}},"3":{"start":{"line":5,"column":0},"end":{"line":5,"column":35}},"4":{"start":{"line":6,"column":0},"end":{"line":6,"column":22}},"5":{"start":{"line":7,"column":0},"end":{"line":7,"column":30}},"6":{"start":{"line":9,"column":0},"end":{"line":9,"column":25}},"7":{"start":{"line":11,"column":0},"end":{"line":112,"column":1}},"8":{"start":{"line":12,"column":2},"end":{"line":111,"column":4}},"9":{"start":{"line":13,"column":4},"end":{"line":13,"column":27}},"10":{"start":{"line":13,"column":13},"end":{"line":13,"column":27}},"11":{"start":{"line":14,"column":4},"end":{"line":14,"column":18}},"12":{"start":{"line":15,"column":4},"end":{"line":15,"column":21}},"13":{"start":{"line":16,"column":4},"end":{"line":16,"column":54}},"14":{"start":{"line":17,"column":4},"end":{"line":20,"column":5}},"15":{"start":{"line":18,"column":6},"end":{"line":18,"column":73}},"16":{"start":{"line":19,"column":6},"end":{"line":19,"column":58}},"17":{"start":{"line":21,"column":4},"end":{"line":21,"column":46}},"18":{"start":{"line":23,"column":4},"end":{"line":23,"column":38}},"19":{"start":{"line":24,"column":4},"end":{"line":110,"column":6}},"20":{"start":{"line":26,"column":6},"end":{"line":26,"column":28}},"21":{"start":{"line":29,"column":6},"end":{"line":29,"column":24}},"22":{"start":{"line":32,"column":6},"end":{"line":32,"column":13}},"23":{"start":{"line":33,"column":6},"end":{"line":33,"column":24}},"24":{"start":{"line":37,"column":6},"end":{"line":39,"column":8}},"25":{"start":{"line":38,"column":8},"end":{"line":38,"column":56}},"26":{"start":{"line":41,"column":6},"end":{"line":109,"column":8}},"27":{"start":{"line":42,"column":8},"end":{"line":60,"column":10}},"28":{"start":{"line":43,"column":10},"end":{"line":43,"column":45}},"29":{"start":{"line":44,"column":10},"end":{"line":52,"column":11}},"30":{"start":{"line":45,"column":12},"end":{"line":50,"column":14}},"31":{"start":{"line":45,"column":39},"end":{"line":50,"column":14}},"32":{"start":{"line":51,"column":12},"end":{"line":51,"column":28}},"33":{"start":{"line":53,"column":10},"end":{"line":59,"column":12}},"34":{"start":{"line":62,"column":8},"end":{"line":62,"column":31}},"35":{"start":{"line":62,"column":17},"end":{"line":62,"column":31}},"36":{"start":{"line":63,"column":8},"end":{"line":68,"column":23}},"37":{"start":{"line":65,"column":10},"end":{"line":65,"column":58}},"38":{"start":{"line":70,"column":8},"end":{"line":79,"column":10}},"39":{"start":{"line":71,"column":10},"end":{"line":78,"column":11}},"40":{"start":{"line":81,"column":8},"end":{"line":89,"column":10}},"41":{"start":{"line":82,"column":10},"end":{"line":88,"column":13}},"42":{"start":{"line":84,"column":12},"end":{"line":87,"column":13}},"43":{"start":{"line":91,"column":8},"end":{"line":99,"column":10}},"44":{"start":{"line":92,"column":10},"end":{"line":98,"column":13}},"45":{"start":{"line":94,"column":12},"end":{"line":97,"column":13}},"46":{"start":{"line":101,"column":8},"end":{"line":103,"column":10}},"47":{"start":{"line":102,"column":10},"end":{"line":102,"column":62}},"48":{"start":{"line":104,"column":8},"end":{"line":106,"column":16}},"49":{"start":{"line":105,"column":10},"end":{"line":105,"column":38}},"50":{"start":{"line":107,"column":8},"end":{"line":107,"column":27}},"51":{"start":{"line":108,"column":8},"end":{"line":108,"column":61}},"52":{"start":{"line":114,"column":0},"end":{"line":125,"column":1}},"53":{"start":{"line":115,"column":2},"end":{"line":122,"column":14}},"54":{"start":{"line":116,"column":4},"end":{"line":118,"column":5}},"55":{"start":{"line":117,"column":6},"end":{"line":117,"column":31}},"56":{"start":{"line":119,"column":4},"end":{"line":119,"column":31}},"57":{"start":{"line":120,"column":4},"end":{"line":120,"column":39}},"58":{"start":{"line":121,"column":4},"end":{"line":121,"column":19}},"59":{"start":{"line":123,"column":2},"end":{"line":123,"column":24}},"60":{"start":{"line":124,"column":2},"end":{"line":124,"column":17}},"61":{"start":{"line":127,"column":0},"end":{"line":166,"column":1}},"62":{"start":{"line":128,"column":2},"end":{"line":131,"column":3}},"63":{"start":{"line":129,"column":4},"end":{"line":129,"column":21}},"64":{"start":{"line":130,"column":4},"end":{"line":130,"column":22}},"65":{"start":{"line":133,"column":2},"end":{"line":140,"column":3}},"66":{"start":{"line":142,"column":2},"end":{"line":142,"column":17}},"67":{"start":{"line":144,"column":2},"end":{"line":158,"column":4}},"68":{"start":{"line":145,"column":4},"end":{"line":145,"column":27}},"69":{"start":{"line":145,"column":13},"end":{"line":145,"column":27}},"70":{"start":{"line":146,"column":4},"end":{"line":146,"column":30}},"71":{"start":{"line":147,"column":4},"end":{"line":149,"column":6}},"72":{"start":{"line":148,"column":6},"end":{"line":148,"column":31}},"73":{"start":{"line":150,"column":4},"end":{"line":152,"column":9}},"74":{"start":{"line":151,"column":6},"end":{"line":151,"column":34}},"75":{"start":{"line":153,"column":4},"end":{"line":155,"column":9}},"76":{"start":{"line":154,"column":6},"end":{"line":154,"column":38}},"77":{"start":{"line":156,"column":4},"end":{"line":156,"column":34}},"78":{"start":{"line":157,"column":4},"end":{"line":157,"column":43}},"79":{"start":{"line":157,"column":20},"end":{"line":157,"column":43}},"80":{"start":{"line":160,"column":2},"end":{"line":165,"column":4}},"81":{"start":{"line":161,"column":4},"end":{"line":161,"column":27}},"82":{"start":{"line":161,"column":13},"end":{"line":161,"column":27}},"83":{"start":{"line":162,"column":4},"end":{"line":162,"column":50}},"84":{"start":{"line":163,"column":4},"end":{"line":163,"column":42}},"85":{"start":{"line":164,"column":4},"end":{"line":164,"column":43}},"86":{"start":{"line":164,"column":20},"end":{"line":164,"column":43}},"87":{"start":{"line":168,"column":0},"end":{"line":182,"column":1}},"88":{"start":{"line":169,"column":2},"end":{"line":169,"column":25}},"89":{"start":{"line":170,"column":2},"end":{"line":170,"column":17}},"90":{"start":{"line":171,"column":2},"end":{"line":175,"column":4}},"91":{"start":{"line":172,"column":4},"end":{"line":172,"column":27}},"92":{"start":{"line":172,"column":13},"end":{"line":172,"column":27}},"93":{"start":{"line":173,"column":4},"end":{"line":173,"column":35}},"94":{"start":{"line":174,"column":4},"end":{"line":174,"column":43}},"95":{"start":{"line":174,"column":20},"end":{"line":174,"column":43}},"96":{"start":{"line":177,"column":2},"end":{"line":181,"column":4}},"97":{"start":{"line":178,"column":4},"end":{"line":178,"column":27}},"98":{"start":{"line":178,"column":13},"end":{"line":178,"column":27}},"99":{"start":{"line":179,"column":4},"end":{"line":179,"column":27}},"100":{"start":{"line":180,"column":4},"end":{"line":180,"column":43}},"101":{"start":{"line":180,"column":20},"end":{"line":180,"column":43}},"102":{"start":{"line":184,"column":0},"end":{"line":193,"column":1}},"103":{"start":{"line":185,"column":2},"end":{"line":185,"column":19}},"104":{"start":{"line":186,"column":2},"end":{"line":186,"column":33}},"105":{"start":{"line":187,"column":2},"end":{"line":190,"column":3}},"106":{"start":{"line":188,"column":4},"end":{"line":188,"column":26}},"107":{"start":{"line":189,"column":4},"end":{"line":189,"column":35}},"108":{"start":{"line":191,"column":2},"end":{"line":191,"column":45}},"109":{"start":{"line":191,"column":23},"end":{"line":191,"column":45}},"110":{"start":{"line":192,"column":2},"end":{"line":192,"column":17}},"111":{"start":{"line":195,"column":0},"end":{"line":197,"column":1}},"112":{"start":{"line":196,"column":2},"end":{"line":196,"column":40}},"113":{"start":{"line":199,"column":0},"end":{"line":201,"column":1}},"114":{"start":{"line":200,"column":2},"end":{"line":200,"column":78}}},"branchMap":{"1":{"line":13,"type":"if","locations":[{"start":{"line":13,"column":4},"end":{"line":13,"column":4}},{"start":{"line":13,"column":4},"end":{"line":13,"column":4}}]},"2":{"line":17,"type":"if","locations":[{"start":{"line":17,"column":4},"end":{"line":17,"column":4}},{"start":{"line":17,"column":4},"end":{"line":17,"column":4}}]},"3":{"line":21,"type":"binary-expr","locations":[{"start":{"line":21,"column":18},"end":{"line":21,"column":29}},{"start":{"line":21,"column":33},"end":{"line":21,"column":46}}]},"4":{"line":44,"type":"if","locations":[{"start":{"line":44,"column":10},"end":{"line":44,"column":10}},{"start":{"line":44,"column":10},"end":{"line":44,"column":10}}]},"5":{"line":45,"type":"if","locations":[{"start":{"line":45,"column":12},"end":{"line":45,"column":12}},{"start":{"line":45,"column":12},"end":{"line":45,"column":12}}]},"6":{"line":62,"type":"if","locations":[{"start":{"line":62,"column":8},"end":{"line":62,"column":8}},{"start":{"line":62,"column":8},"end":{"line":62,"column":8}}]},"7":{"line":85,"type":"binary-expr","locations":[{"start":{"line":85,"column":14},"end":{"line":85,"column":42}},{"start":{"line":86,"column":14},"end":{"line":86,"column":69}}]},"8":{"line":95,"type":"binary-expr","locations":[{"start":{"line":95,"column":14},"end":{"line":95,"column":42}},{"start":{"line":96,"column":14},"end":{"line":96,"column":69}}]},"9":{"line":116,"type":"if","locations":[{"start":{"line":116,"column":4},"end":{"line":116,"column":4}},{"start":{"line":116,"column":4},"end":{"line":116,"column":4}}]},"10":{"line":145,"type":"if","locations":[{"start":{"line":145,"column":4},"end":{"line":145,"column":4}},{"start":{"line":145,"column":4},"end":{"line":145,"column":4}}]},"11":{"line":151,"type":"binary-expr","locations":[{"start":{"line":151,"column":18},"end":{"line":151,"column":28}},{"start":{"line":151,"column":32},"end":{"line":151,"column":33}}]},"12":{"line":154,"type":"binary-expr","locations":[{"start":{"line":154,"column":18},"end":{"line":154,"column":32}},{"start":{"line":154,"column":36},"end":{"line":154,"column":37}}]},"13":{"line":156,"type":"binary-expr","locations":[{"start":{"line":156,"column":21},"end":{"line":156,"column":28}},{"start":{"line":156,"column":32},"end":{"line":156,"column":34}}]},"14":{"line":157,"type":"if","locations":[{"start":{"line":157,"column":4},"end":{"line":157,"column":4}},{"start":{"line":157,"column":4},"end":{"line":157,"column":4}}]},"15":{"line":161,"type":"if","locations":[{"start":{"line":161,"column":4},"end":{"line":161,"column":4}},{"start":{"line":161,"column":4},"end":{"line":161,"column":4}}]},"16":{"line":164,"type":"if","locations":[{"start":{"line":164,"column":4},"end":{"line":164,"column":4}},{"start":{"line":164,"column":4},"end":{"line":164,"column":4}}]},"17":{"line":172,"type":"if","locations":[{"start":{"line":172,"column":4},"end":{"line":172,"column":4}},{"start":{"line":172,"column":4},"end":{"line":172,"column":4}}]},"18":{"line":173,"type":"binary-expr","locations":[{"start":{"line":173,"column":22},"end":{"line":173,"column":30}},{"start":{"line":173,"column":34},"end":{"line":173,"column":35}}]},"19":{"line":174,"type":"if","locations":[{"start":{"line":174,"column":4},"end":{"line":174,"column":4}},{"start":{"line":174,"column":4},"end":{"line":174,"column":4}}]},"20":{"line":178,"type":"if","locations":[{"start":{"line":178,"column":4},"end":{"line":178,"column":4}},{"start":{"line":178,"column":4},"end":{"line":178,"column":4}}]},"21":{"line":179,"type":"binary-expr","locations":[{"start":{"line":179,"column":18},"end":{"line":179,"column":22}},{"start":{"line":179,"column":26},"end":{"line":179,"column":27}}]},"22":{"line":180,"type":"if","locations":[{"start":{"line":180,"column":4},"end":{"line":180,"column":4}},{"start":{"line":180,"column":4},"end":{"line":180,"column":4}}]},"23":{"line":187,"type":"binary-expr","locations":[{"start":{"line":187,"column":9},"end":{"line":187,"column":16}},{"start":{"line":187,"column":20},"end":{"line":187,"column":35}},{"start":{"line":187,"column":39},"end":{"line":187,"column":54}}]},"24":{"line":191,"type":"if","locations":[{"start":{"line":191,"column":2},"end":{"line":191,"column":2}},{"start":{"line":191,"column":2},"end":{"line":191,"column":2}}]},"25":{"line":200,"type":"binary-expr","locations":[{"start":{"line":200,"column":9},"end":{"line":200,"column":25}},{"start":{"line":200,"column":29},"end":{"line":200,"column":78}}]}},"code":["\"use strict\"","","var fs = require('fs')","var path = require('path')","var resolve = require('pkgresolve')","var du = require('du')","var map = require('map-limit')","","module.exports = pkgFiles","","function pkgFiles(dir, fn) {","  resolve('fstream-npm').fromGlobal('npm', function(err, fstreamPath) {","    if (err) return fn(err)","    var files = []","    var packages = []","    var nest = path.join(path.dirname(dir), 'package')","    if (!fstreamPath) {","      console.error('Warning: Could not find fstream-npm in global npm.')","      console.error('You may not see matching behaviour.')","    }","    fstreamPath = fstreamPath || 'fstream-npm'","","    var fstream = require(fstreamPath)","    fstream({ path: dir })","    .on('entry', function(entry) {","      files.push(entry.path)","    })","    .on('package', function(pkg) {","      packages.push(pkg)","    })","    .on('error', function(err) {","      fn(err)","      fn = function() {}","    })","    .on('end', function() {","","      files = files.map(function(file) {","        return path.join(dir, path.relative(nest, file))","      })","","      map(files, Infinity, function(file, next) {","        fs.lstat(file, function(err, stat) {","          var name = path.relative(dir, file)","          if (err) {","            if (err.code === 'ENOENT') return next(null, {","              name: name,","              size: 0,","              diskSize: 0,","              exists: false","            })","            return next(err)","          }","          return next(null, {","            name: name,","            size: stat.size,","            diskSize: 512 * stat.blocks,","            exists: true,","            isDirectory: false","          })","        })","      }, function(err, entries) {","        if (err) return fn(err)","        var dirNames = entries","        .reduce(function(dirNames, entry) {","          return dirNames.concat(getAncestors(entry.name))","        }, [])","        .filter(Boolean)","        .filter(unique)","","        var dirEntries = dirNames.map(function(dirName) {","          return {","            name: dirName,","            size: 0,","            diskSize: 0,","            exists: true,","            children: [],","            isDirectory: true","          }","        })","","        dirEntries.forEach(function(dirEntry) {","          dirEntry.children = dirEntry.children","          .concat(entries.filter(function(entry) {","            return (","              dirEntry.name !== entry.name &&","              !path.relative(dirEntry.name, path.dirname(entry.name))","            )","          }))","        })","","        dirEntries.forEach(function(dirEntry) {","          dirEntry.children = dirEntry.children","          .concat(dirEntries.filter(function(entry) {","            return (","              dirEntry.name !== entry.name &&","              !path.relative(dirEntry.name, path.dirname(entry.name))","            )","          }))","        })","","        dirEntries.forEach(function(dirEntry) {","          dirEntry.children = dirEntry.children.filter(unique)","        })","        var rootDir = dirEntries.filter(function(dirEntry) {","          return dirEntry.name === '.'","        }).pop()","        getDirSize(rootDir)","        return fn(null, entries.concat(dirEntries), packages)","      })","    })","  })","}","","function getDirSize(dirEntry) {","  return dirEntry.children.reduce(function(dirEntry, entry) {","    if (entry.isDirectory) {","      entry = getDirSize(entry)","    }","    dirEntry.size += entry.size","    dirEntry.diskSize += entry.diskSize","    return dirEntry","  }, dirEntry)","  dirEntry.children = []","  return dirEntry","}","","pkgFiles.summary = function summary(dir, done) {","  var fn = function once(err, result) {","    done(err, result)","    fn = function() {}","  }","","  var result = {","    packages: [],","    entries: [],","    sizeWithDependencies: 0,","    diskSizeWithDependencies: 0,","    publishSize: 0,","    publishDiskSize: 0","  }","","  var pending = 2","","  pkgFiles(dir, function(err, entries, packages) {","    if (err) return fn(err)","    result.packages = packages","    var files = entries.filter(function(entry) {","      return !entry.isDirectory","    })","    result.publishSize = files.reduce(function(t, entry) {","      return t + (entry.size || 0)","    }, 0)","    result.publishDiskSize = files.reduce(function(t, entry) {","      return t + (entry.diskSize || 0)","    }, 0)","    result.entries = entries || []","    if (!--pending) return fn(null, result)","  })","","  duSizes(dir, function(err, dir) {","    if (err) return fn(err)","    result.diskSizeWithDependencies = dir.diskSize","    result.sizeWithDependencies = dir.size","    if (!--pending) return fn(null, result)","  })","}","","function duSizes(dir, fn) {","  var result = {dir: dir}","  var pending = 2","  du(dir, {disk: true}, function(err, diskSize) {","    if (err) return fn(err)","    result.diskSize = diskSize || 0","    if (!--pending) return fn(null, result)","  })","","  du(dir, function(err, size) {","    if (err) return fn(err)","    result.size = size || 0","    if (!--pending) return fn(null, result)","  })","}","","function getAncestors(dirName) {","  var dirNames = []","  dirName = path.dirname(dirName)","  while (dirName && dirName !== '/' && dirName !== '.') {","    dirNames.push(dirName)","    dirName = path.dirname(dirName)","  }","  if (dirName === '.') dirNames.push(dirName)","  return dirNames","}","","function unique(item, index, arr) {","  return index === arr.lastIndexOf(item)","}","","function dirContains(parent, child) {","  return parent !== child && path.relative(parent, child).slice(0, 2) !== '..'","}",""],"l":{"3":1,"4":1,"5":1,"6":1,"7":1,"9":1,"11":1,"12":1,"13":1,"14":1,"15":1,"16":1,"17":1,"18":0,"19":0,"21":1,"23":1,"24":1,"26":6,"29":1,"32":0,"33":0,"37":1,"38":6,"41":1,"42":6,"43":6,"44":6,"45":0,"51":0,"53":6,"62":1,"63":1,"65":6,"70":1,"71":1,"81":1,"82":1,"84":6,"91":1,"92":1,"94":1,"101":1,"102":1,"104":1,"105":1,"107":1,"108":1,"114":1,"115":1,"116":6,"117":0,"119":6,"120":6,"121":6,"123":0,"124":0,"127":1,"128":1,"129":1,"130":1,"133":1,"142":1,"144":1,"145":1,"146":1,"147":1,"148":7,"150":1,"151":6,"153":1,"154":6,"156":1,"157":1,"160":1,"161":1,"162":1,"163":1,"164":1,"168":1,"169":1,"170":1,"171":1,"172":1,"173":1,"174":1,"177":1,"178":1,"179":1,"180":1,"184":1,"185":6,"186":6,"187":6,"188":0,"189":0,"191":6,"192":6,"195":1,"196":12,"199":1,"200":0}},"/home/travis/build/npmtest/node-npmtest-pkgfiles/node_modules/pkgfiles/bin/pkgfiles.js":{"path":"/home/travis/build/npmtest/node-npmtest-pkgfiles/node_modules/pkgfiles/bin/pkgfiles.js","s":{"1":1,"2":1,"3":1,"4":1,"5":1,"6":1,"7":1,"8":1,"9":1,"10":1,"11":0,"12":0,"13":1,"14":0,"15":0,"16":1,"17":0,"18":0,"19":0,"20":0,"21":0,"22":0,"23":0,"24":0,"25":0,"26":0,"27":0,"28":0,"29":0,"30":1,"31":1,"32":1,"33":1,"34":1,"35":1,"36":1,"37":0,"38":1,"39":1,"40":7,"41":1,"42":7,"43":1,"44":0,"45":1,"46":0,"47":1,"48":1,"49":1,"50":0,"51":1,"52":1,"53":7,"54":7,"55":0,"56":0,"57":0,"58":0,"59":0,"60":7,"61":1,"62":7,"63":1,"64":7,"65":7,"66":7,"67":7,"68":7,"69":7,"70":7,"71":7,"72":1,"73":1,"74":0,"75":1,"76":6,"77":1,"78":7,"79":1,"80":7,"81":1,"82":1,"83":1,"84":1,"85":1,"86":1,"87":1,"88":1,"89":1,"90":1,"91":1,"92":14,"93":1,"94":0,"95":0,"96":0,"97":0,"98":1,"99":2,"100":17,"101":0,"102":17},"b":{"1":[1,1],"2":[0,1],"3":[0,1],"4":[1,1],"5":[1,0],"6":[1,1],"7":[0,1],"8":[0,1],"9":[0,1],"10":[0,1],"11":[0,7],"12":[1,6],"13":[1,6],"14":[7,0],"15":[7,0],"16":[0,1],"17":[1,0],"18":[1,0],"19":[1,1],"20":[1,0],"21":[0,0],"22":[0,17]},"f":{"1":0,"2":1,"3":7,"4":7,"5":7,"6":7,"7":6,"8":7,"9":7,"10":14,"11":0,"12":2,"13":17},"fnMap":{"1":{"name":"usage","line":51,"loc":{"start":{"line":51,"column":0},"end":{"line":51,"column":17}}},"2":{"name":"(anonymous_2)","line":74,"loc":{"start":{"line":74,"column":22},"end":{"line":74,"column":44}}},"3":{"name":"(anonymous_3)","line":79,"loc":{"start":{"line":79,"column":29},"end":{"line":79,"column":41}}},"4":{"name":"(anonymous_4)","line":82,"loc":{"start":{"line":82,"column":28},"end":{"line":82,"column":40}}},"5":{"name":"(anonymous_5)","line":129,"loc":{"start":{"line":129,"column":24},"end":{"line":129,"column":40}}},"6":{"name":"(anonymous_6)","line":145,"loc":{"start":{"line":145,"column":7},"end":{"line":145,"column":23}}},"7":{"name":"(anonymous_7)","line":157,"loc":{"start":{"line":157,"column":29},"end":{"line":157,"column":44}}},"8":{"name":"(anonymous_8)","line":162,"loc":{"start":{"line":162,"column":32},"end":{"line":162,"column":47}}},"9":{"name":"(anonymous_9)","line":163,"loc":{"start":{"line":163,"column":31},"end":{"line":163,"column":46}}},"10":{"name":"percent","line":175,"loc":{"start":{"line":175,"column":0},"end":{"line":175,"column":25}}},"11":{"name":"error","line":179,"loc":{"start":{"line":179,"column":0},"end":{"line":179,"column":20}}},"12":{"name":"sortBy","line":188,"loc":{"start":{"line":188,"column":0},"end":{"line":188,"column":21}}},"13":{"name":"(anonymous_13)","line":189,"loc":{"start":{"line":189,"column":9},"end":{"line":189,"column":24}}}},"statementMap":{"1":{"start":{"line":5,"column":0},"end":{"line":5,"column":29}},"2":{"start":{"line":6,"column":0},"end":{"line":6,"column":26}},"3":{"start":{"line":7,"column":0},"end":{"line":7,"column":34}},"4":{"start":{"line":8,"column":0},"end":{"line":8,"column":36}},"5":{"start":{"line":9,"column":0},"end":{"line":9,"column":35}},"6":{"start":{"line":11,"column":0},"end":{"line":17,"column":1}},"7":{"start":{"line":19,"column":0},"end":{"line":25,"column":1}},"8":{"start":{"line":27,"column":0},"end":{"line":37,"column":2}},"9":{"start":{"line":39,"column":0},"end":{"line":39,"column":36}},"10":{"start":{"line":41,"column":0},"end":{"line":44,"column":1}},"11":{"start":{"line":42,"column":2},"end":{"line":42,"column":50}},"12":{"start":{"line":43,"column":2},"end":{"line":43,"column":16}},"13":{"start":{"line":46,"column":0},"end":{"line":49,"column":1}},"14":{"start":{"line":47,"column":2},"end":{"line":47,"column":9}},"15":{"start":{"line":48,"column":2},"end":{"line":48,"column":17}},"16":{"start":{"line":51,"column":0},"end":{"line":65,"column":1}},"17":{"start":{"line":52,"column":2},"end":{"line":52,"column":19}},"18":{"start":{"line":53,"column":2},"end":{"line":53,"column":123}},"19":{"start":{"line":54,"column":2},"end":{"line":54,"column":19}},"20":{"start":{"line":55,"column":2},"end":{"line":55,"column":112}},"21":{"start":{"line":56,"column":2},"end":{"line":56,"column":104}},"22":{"start":{"line":57,"column":2},"end":{"line":57,"column":63}},"23":{"start":{"line":58,"column":2},"end":{"line":58,"column":69}},"24":{"start":{"line":59,"column":2},"end":{"line":59,"column":79}},"25":{"start":{"line":60,"column":2},"end":{"line":60,"column":69}},"26":{"start":{"line":61,"column":2},"end":{"line":61,"column":79}},"27":{"start":{"line":62,"column":2},"end":{"line":62,"column":66}},"28":{"start":{"line":63,"column":2},"end":{"line":63,"column":72}},"29":{"start":{"line":64,"column":2},"end":{"line":64,"column":19}},"30":{"start":{"line":67,"column":0},"end":{"line":67,"column":31}},"31":{"start":{"line":69,"column":0},"end":{"line":72,"column":1}},"32":{"start":{"line":70,"column":2},"end":{"line":70,"column":19}},"33":{"start":{"line":71,"column":2},"end":{"line":71,"column":19}},"34":{"start":{"line":74,"column":0},"end":{"line":173,"column":2}},"35":{"start":{"line":75,"column":2},"end":{"line":75,"column":17}},"36":{"start":{"line":76,"column":2},"end":{"line":76,"column":28}},"37":{"start":{"line":76,"column":11},"end":{"line":76,"column":28}},"38":{"start":{"line":78,"column":2},"end":{"line":78,"column":30}},"39":{"start":{"line":79,"column":2},"end":{"line":81,"column":4}},"40":{"start":{"line":80,"column":4},"end":{"line":80,"column":25}},"41":{"start":{"line":82,"column":2},"end":{"line":84,"column":4}},"42":{"start":{"line":83,"column":4},"end":{"line":83,"column":24}},"43":{"start":{"line":86,"column":2},"end":{"line":88,"column":35}},"44":{"start":{"line":86,"column":21},"end":{"line":86,"column":36}},"45":{"start":{"line":87,"column":7},"end":{"line":88,"column":35}},"46":{"start":{"line":87,"column":27},"end":{"line":87,"column":41}},"47":{"start":{"line":88,"column":7},"end":{"line":88,"column":35}},"48":{"start":{"line":90,"column":2},"end":{"line":90,"column":60}},"49":{"start":{"line":92,"column":2},"end":{"line":94,"column":3}},"50":{"start":{"line":93,"column":4},"end":{"line":93,"column":56}},"51":{"start":{"line":96,"column":2},"end":{"line":127,"column":13}},"52":{"start":{"line":129,"column":2},"end":{"line":151,"column":4}},"53":{"start":{"line":130,"column":4},"end":{"line":130,"column":47}},"54":{"start":{"line":131,"column":4},"end":{"line":137,"column":5}},"55":{"start":{"line":132,"column":6},"end":{"line":132,"column":23}},"56":{"start":{"line":133,"column":6},"end":{"line":133,"column":27}},"57":{"start":{"line":134,"column":6},"end":{"line":134,"column":20}},"58":{"start":{"line":135,"column":6},"end":{"line":135,"column":24}},"59":{"start":{"line":136,"column":6},"end":{"line":136,"column":18}},"60":{"start":{"line":139,"column":4},"end":{"line":139,"column":44}},"61":{"start":{"line":139,"column":27},"end":{"line":139,"column":44}},"62":{"start":{"line":140,"column":4},"end":{"line":140,"column":44}},"63":{"start":{"line":140,"column":28},"end":{"line":140,"column":44}},"64":{"start":{"line":142,"column":4},"end":{"line":142,"column":16}},"65":{"start":{"line":146,"column":4},"end":{"line":146,"column":58}},"66":{"start":{"line":147,"column":4},"end":{"line":147,"column":70}},"67":{"start":{"line":148,"column":4},"end":{"line":148,"column":70}},"68":{"start":{"line":148,"column":40},"end":{"line":148,"column":70}},"69":{"start":{"line":149,"column":4},"end":{"line":149,"column":82}},"70":{"start":{"line":149,"column":44},"end":{"line":149,"column":82}},"71":{"start":{"line":150,"column":4},"end":{"line":150,"column":16}},"72":{"start":{"line":153,"column":2},"end":{"line":153,"column":44}},"73":{"start":{"line":154,"column":2},"end":{"line":160,"column":3}},"74":{"start":{"line":155,"column":4},"end":{"line":155,"column":43}},"75":{"start":{"line":157,"column":4},"end":{"line":159,"column":6}},"76":{"start":{"line":158,"column":6},"end":{"line":158,"column":37}},"77":{"start":{"line":162,"column":2},"end":{"line":162,"column":74}},"78":{"start":{"line":162,"column":48},"end":{"line":162,"column":72}},"79":{"start":{"line":163,"column":2},"end":{"line":163,"column":72}},"80":{"start":{"line":163,"column":47},"end":{"line":163,"column":70}},"81":{"start":{"line":165,"column":2},"end":{"line":165,"column":15}},"82":{"start":{"line":166,"column":2},"end":{"line":166,"column":58}},"83":{"start":{"line":166,"column":18},"end":{"line":166,"column":58}},"84":{"start":{"line":167,"column":2},"end":{"line":167,"column":53}},"85":{"start":{"line":167,"column":31},"end":{"line":167,"column":53}},"86":{"start":{"line":168,"column":2},"end":{"line":168,"column":55}},"87":{"start":{"line":168,"column":17},"end":{"line":168,"column":55}},"88":{"start":{"line":170,"column":2},"end":{"line":170,"column":93}},"89":{"start":{"line":171,"column":2},"end":{"line":171,"column":36}},"90":{"start":{"line":172,"column":2},"end":{"line":172,"column":107}},"91":{"start":{"line":175,"column":0},"end":{"line":177,"column":1}},"92":{"start":{"line":176,"column":2},"end":{"line":176,"column":41}},"93":{"start":{"line":179,"column":0},"end":{"line":185,"column":1}},"94":{"start":{"line":180,"column":2},"end":{"line":184,"column":3}},"95":{"start":{"line":181,"column":4},"end":{"line":181,"column":30}},"96":{"start":{"line":182,"column":4},"end":{"line":182,"column":19}},"97":{"start":{"line":183,"column":4},"end":{"line":183,"column":19}},"98":{"start":{"line":188,"column":0},"end":{"line":196,"column":1}},"99":{"start":{"line":189,"column":2},"end":{"line":195,"column":3}},"100":{"start":{"line":190,"column":4},"end":{"line":194,"column":5}},"101":{"start":{"line":191,"column":6},"end":{"line":191,"column":41}},"102":{"start":{"line":193,"column":6},"end":{"line":193,"column":28}}},"branchMap":{"1":{"line":39,"type":"binary-expr","locations":[{"start":{"line":39,"column":10},"end":{"line":39,"column":19}},{"start":{"line":39,"column":23},"end":{"line":39,"column":36}}]},"2":{"line":41,"type":"if","locations":[{"start":{"line":41,"column":0},"end":{"line":41,"column":0}},{"start":{"line":41,"column":0},"end":{"line":41,"column":0}}]},"3":{"line":46,"type":"if","locations":[{"start":{"line":46,"column":0},"end":{"line":46,"column":0}},{"start":{"line":46,"column":0},"end":{"line":46,"column":0}}]},"4":{"line":67,"type":"binary-expr","locations":[{"start":{"line":67,"column":12},"end":{"line":67,"column":21}},{"start":{"line":67,"column":25},"end":{"line":67,"column":31}}]},"5":{"line":69,"type":"if","locations":[{"start":{"line":69,"column":0},"end":{"line":69,"column":0}},{"start":{"line":69,"column":0},"end":{"line":69,"column":0}}]},"6":{"line":69,"type":"binary-expr","locations":[{"start":{"line":69,"column":4},"end":{"line":69,"column":18}},{"start":{"line":69,"column":22},"end":{"line":69,"column":35}}]},"7":{"line":76,"type":"if","locations":[{"start":{"line":76,"column":2},"end":{"line":76,"column":2}},{"start":{"line":76,"column":2},"end":{"line":76,"column":2}}]},"8":{"line":86,"type":"if","locations":[{"start":{"line":86,"column":2},"end":{"line":86,"column":2}},{"start":{"line":86,"column":2},"end":{"line":86,"column":2}}]},"9":{"line":87,"type":"if","locations":[{"start":{"line":87,"column":7},"end":{"line":87,"column":7}},{"start":{"line":87,"column":7},"end":{"line":87,"column":7}}]},"10":{"line":92,"type":"if","locations":[{"start":{"line":92,"column":2},"end":{"line":92,"column":2}},{"start":{"line":92,"column":2},"end":{"line":92,"column":2}}]},"11":{"line":131,"type":"if","locations":[{"start":{"line":131,"column":4},"end":{"line":131,"column":4}},{"start":{"line":131,"column":4},"end":{"line":131,"column":4}}]},"12":{"line":139,"type":"if","locations":[{"start":{"line":139,"column":4},"end":{"line":139,"column":4}},{"start":{"line":139,"column":4},"end":{"line":139,"column":4}}]},"13":{"line":140,"type":"if","locations":[{"start":{"line":140,"column":4},"end":{"line":140,"column":4}},{"start":{"line":140,"column":4},"end":{"line":140,"column":4}}]},"14":{"line":148,"type":"if","locations":[{"start":{"line":148,"column":4},"end":{"line":148,"column":4}},{"start":{"line":148,"column":4},"end":{"line":148,"column":4}}]},"15":{"line":149,"type":"if","locations":[{"start":{"line":149,"column":4},"end":{"line":149,"column":4}},{"start":{"line":149,"column":4},"end":{"line":149,"column":4}}]},"16":{"line":154,"type":"if","locations":[{"start":{"line":154,"column":2},"end":{"line":154,"column":2}},{"start":{"line":154,"column":2},"end":{"line":154,"column":2}}]},"17":{"line":166,"type":"if","locations":[{"start":{"line":166,"column":2},"end":{"line":166,"column":2}},{"start":{"line":166,"column":2},"end":{"line":166,"column":2}}]},"18":{"line":167,"type":"if","locations":[{"start":{"line":167,"column":2},"end":{"line":167,"column":2}},{"start":{"line":167,"column":2},"end":{"line":167,"column":2}}]},"19":{"line":167,"type":"binary-expr","locations":[{"start":{"line":167,"column":6},"end":{"line":167,"column":16}},{"start":{"line":167,"column":20},"end":{"line":167,"column":29}}]},"20":{"line":168,"type":"if","locations":[{"start":{"line":168,"column":2},"end":{"line":168,"column":2}},{"start":{"line":168,"column":2},"end":{"line":168,"column":2}}]},"21":{"line":180,"type":"if","locations":[{"start":{"line":180,"column":2},"end":{"line":180,"column":2}},{"start":{"line":180,"column":2},"end":{"line":180,"column":2}}]},"22":{"line":190,"type":"if","locations":[{"start":{"line":190,"column":4},"end":{"line":190,"column":4}},{"start":{"line":190,"column":4},"end":{"line":190,"column":4}}]}},"code":["//#!/usr/bin/env node","","\"use strict\"","","var pkgFiles = require('../')","var path = require('path')","var minimist = require('minimist')","var columnify = require('columnify')","var bytes = require('pretty-bytes')","","var dirHeader = {","  name: 'DIR',","  size: 'SIZE',","  percent: '%',","  diskSize: 'DISK SIZE',","  diskSizePercent: 'DISK SIZE %'","}","","var fileHeader = {","  name: 'PATH',","  size: 'SIZE',","  percent: '%',","  diskSize: 'DISK SIZE',","  diskSizePercent: 'DISK SIZE %'","}","","var argv = minimist(process.argv.slice(2), {","  alias: {","    'd': 'dirs',","    'f': 'files'","  },","  default: {","    files: false,","    dirs: false","  },","  boolean: ['dirs', 'files']","})","","var dir = argv._[0] || process.cwd()","","if (argv.version) {","  console.info(require('../package.json').version)","  process.exit()","}","","if (argv.help) {","  usage()","  process.exit(1)","}","","function usage() {","  console.error('')","  console.error('Usage: pkgfiles [--sort=size|name|pkgfiles] [--disk] [--json] [-f, --only-files | -d, --only-dirs] [dir]')","  console.error('')","  console.error('  pkgfiles                    # List all files which would be published in current directory.')","  console.error('  pkgfiles ./mypkg            # List all files which would be published in `./mypkg`.')","  console.error('  pkgfiles --version          # Show version')","  console.error('  pkgfiles --json             # Render JSON output')","  console.error('  pkgfiles --sort=size        # Sort files by size [default]')","  console.error('  pkgfiles --sort=name        # Sort files by name')","  console.error('  pkgfiles --disk             # Include disk sizes in result')","  console.error('  pkgfiles -f, --files        # Only list files')","  console.error('  pkgfiles -d, --dirs         # Only list directories')","  console.error('')","}","","argv.sort = argv.sort || 'size'","","if (!argv['files'] && !argv['dirs']) {","  argv.dirs =  true","  argv.files = true","}","","pkgFiles.summary(dir, function(err, result) {","  console.error()","  if (err) return error(err)","","  var entries = result.entries","  var files = entries.filter(function(e) {","    return !e.isDirectory","  })","  var dirs = entries.filter(function(e) {","    return e.isDirectory","  })","","  if (!argv['dirs']) entries = files","  else if (!argv['files']) entries = dirs","  else entries = files.concat(dirs)","","  entries = result.entries = entries.sort(sortBy(argv.sort))","","  if (argv.json) {","    return console.info(JSON.stringify(result, null, 2))","  }","","  var summary = [","    {","      key: 'total',","      title: 'Number of Files',","      value: files.length","    },","    {","      key: 'total',","      title: 'Number of Directories',","      value: dirs.length","    },","    {","      key: 'publishSize',","      title: 'Publishable Size',","      value: \"~\" + bytes(result.publishSize)","    },","    {","      key: 'publishDiskSize',","      title: 'Publishable Size on Disk',","      value: \"~\" + bytes(result.publishDiskSize)","    },","    {","      key: 'sizeWithDependencies',","      title: 'Size with Dependencies',","      value: \"~\" + bytes(result.sizeWithDependencies)","    },","    {","      key: 'diskSizeWithDependencies',","      title: 'Size on Disk with Dependencies',","      value: \"~\" + bytes(result.diskSizeWithDependencies)","    }","  ].reverse()","","  entries = entries.map(function(entry) {","    entry.name = path.relative(dir, entry.name)","    if (!entry.exists) {","      entry.percent = 0","      entry.percentDisk = 0","      entry.size = 0","      entry.diskSize = 0","      return entry","    }","","    if (entry.isDirectory) entry.name += '/'","    if (entry.name === '/') entry.name = '.'","","    return entry","  })","  .sort(sortBy(argv.sort))","  .map(function(entry) {","    entry.percent = percent(entry.size/result.publishSize)","    entry.percentDisk = percent(entry.diskSize/result.publishDiskSize)","    if (typeof entry.size === 'number') entry.size = bytes(entry.size)","    if (typeof entry.diskSize === 'number') entry.diskSize = bytes(entry.diskSize)","    return entry","  })","","  var columns = ['name', 'size', 'percent',]","  if (argv.disk) {","    columns.push('diskSize', 'percentDisk')","  } else {","    summary = summary.filter(function(item) {","      return !(/Disk/.test(item.key))","    })","  }","","  var fileRows = entries.filter(function(item) {return !item.isDirectory})","  var dirRows = entries.filter(function(item) {return item.isDirectory})","","  var rows = []","  if (argv.files) rows = rows.concat(fileHeader, fileRows)","  if (argv.files && argv.dirs) rows = rows.concat({})","  if (argv.dirs) rows = rows.concat(dirHeader, dirRows)","","  console.info(columnify(rows, {columnSplitter: '  ', columns: columns, showHeaders: false}))","  console.info('\\nPKGFILES SUMMARY')","  console.info(columnify(summary, {columnSplitter: '  ', columns: ['title', 'value'], showHeaders: false}))","})","","function percent(amount) {","  return (Math.round(amount * 100)) + '%'","}","","function error(err) {","  if (err) {","    console.error(err.message)","    console.trace()","    process.exit(1)","  }","}","","","function sortBy(key) {","  return function(a, b) {","    if (typeof b[key] === 'string') {","      return a[key].localeCompare(b[key])","    } else {","      return a[key] - b[key]","    }","  }","}",""],"l":{"5":1,"6":1,"7":1,"8":1,"9":1,"11":1,"19":1,"27":1,"39":1,"41":1,"42":0,"43":0,"46":1,"47":0,"48":0,"51":1,"52":0,"53":0,"54":0,"55":0,"56":0,"57":0,"58":0,"59":0,"60":0,"61":0,"62":0,"63":0,"64":0,"67":1,"69":1,"70":1,"71":1,"74":1,"75":1,"76":1,"78":1,"79":1,"80":7,"82":1,"83":7,"86":1,"87":1,"88":1,"90":1,"92":1,"93":0,"96":1,"129":1,"130":7,"131":7,"132":0,"133":0,"134":0,"135":0,"136":0,"139":7,"140":7,"142":7,"146":7,"147":7,"148":7,"149":7,"150":7,"153":1,"154":1,"155":0,"157":1,"158":6,"162":7,"163":7,"165":1,"166":1,"167":1,"168":1,"170":1,"171":1,"172":1,"175":1,"176":14,"179":1,"180":0,"181":0,"182":0,"183":0,"188":1,"189":2,"190":17,"191":0,"193":17}}}